  Определение проектов для восстановления...
  Все проекты обновлены для восстановления.
E:\my_dev\devmcu\NETMCUCompiler\CodeBuilder\Stm32AsmEmitter.cs(13,21): warning CS0114: "Stm32MethodBuilder.VisitVariableDeclaration(VariableDeclarationSyntax)" скрывает наследуемый член "CSharpSyntaxVisitor.VisitVariableDeclaration(VariableDeclarationSyntax)". Чтобы текущий член переопределял эту реализацию, добавьте ключевое слово override. В противном случае добавьте ключевое слово new. [E:\my_dev\devmcu\NETMCUCompiler\NETMCUCompiler.csproj]
E:\my_dev\devmcu\NETMCUCompiler\BuildingContext.cs(23,52): warning CS9124: Параметр ' string path ' фиксируется в состоянии объемлющего типа, и его значение также используется для инициализации поля, свойства или события. [E:\my_dev\devmcu\NETMCUCompiler\NETMCUCompiler.csproj]
E:\my_dev\devmcu\NETMCUCompiler\BuildingContext.Build.cs(25,21): warning CS8602: Разыменование вероятной пустой ссылки. [E:\my_dev\devmcu\NETMCUCompiler\NETMCUCompiler.csproj]
E:\my_dev\devmcu\NETMCUCompiler\BuildingContext.Meta.cs(13,32): warning CS8618: свойство "StartupProject", не допускающий значения NULL, должен содержать значение, отличное от NULL, при выходе из конструктора. Рассмотрите возможность добавления модификатора "required" или объявления значения свойство, допускающего значение NULL. [E:\my_dev\devmcu\NETMCUCompiler\NETMCUCompiler.csproj]
E:\my_dev\devmcu\NETMCUCompiler\BuildingOptions.cs(9,23): warning CS8618: свойство "Name", не допускающий значения NULL, должен содержать значение, отличное от NULL, при выходе из конструктора. Рассмотрите возможность добавления модификатора "required" или объявления значения свойство, допускающего значение NULL. [E:\my_dev\devmcu\NETMCUCompiler\NETMCUCompiler.csproj]
E:\my_dev\devmcu\NETMCUCompiler\BuildingOptions.cs(31,23): warning CS8618: свойство "Path", не допускающий значения NULL, должен содержать значение, отличное от NULL, при выходе из конструктора. Рассмотрите возможность добавления модификатора "required" или объявления значения свойство, допускающего значение NULL. [E:\my_dev\devmcu\NETMCUCompiler\NETMCUCompiler.csproj]
E:\my_dev\devmcu\NETMCUCompiler\BuildingOptions.cs(33,23): warning CS8618: свойство "Url", не допускающий значения NULL, должен содержать значение, отличное от NULL, при выходе из конструктора. Рассмотрите возможность добавления модификатора "required" или объявления значения свойство, допускающего значение NULL. [E:\my_dev\devmcu\NETMCUCompiler\NETMCUCompiler.csproj]
E:\my_dev\devmcu\NETMCUCompiler\BuildingOptions.cs(24,23): warning CS8618: свойство "Path", не допускающий значения NULL, должен содержать значение, отличное от NULL, при выходе из конструктора. Рассмотрите возможность добавления модификатора "required" или объявления значения свойство, допускающего значение NULL. [E:\my_dev\devmcu\NETMCUCompiler\NETMCUCompiler.csproj]
E:\my_dev\devmcu\NETMCUCompiler\BuildingOptions.cs(26,23): warning CS8618: свойство "ContainerPath", не допускающий значения NULL, должен содержать значение, отличное от NULL, при выходе из конструктора. Рассмотрите возможность добавления модификатора "required" или объявления значения свойство, допускающего значение NULL. [E:\my_dev\devmcu\NETMCUCompiler\NETMCUCompiler.csproj]
E:\my_dev\devmcu\NETMCUCompiler\CommonFileModel.cs(5,23): warning CS8618: свойство "Name", не допускающий значения NULL, должен содержать значение, отличное от NULL, при выходе из конструктора. Рассмотрите возможность добавления модификатора "required" или объявления значения свойство, допускающего значение NULL. [E:\my_dev\devmcu\NETMCUCompiler\NETMCUCompiler.csproj]
E:\my_dev\devmcu\NETMCUCompiler\CommonFileModel.cs(6,23): warning CS8618: свойство "ImageName", не допускающий значения NULL, должен содержать значение, отличное от NULL, при выходе из конструктора. Рассмотрите возможность добавления модификатора "required" или объявления значения свойство, допускающего значение NULL. [E:\my_dev\devmcu\NETMCUCompiler\NETMCUCompiler.csproj]
E:\my_dev\devmcu\NETMCUCompiler\CommonFileModel.cs(7,23): warning CS8618: свойство "State", не допускающий значения NULL, должен содержать значение, отличное от NULL, при выходе из конструктора. Рассмотрите возможность добавления модификатора "required" или объявления значения свойство, допускающего значение NULL. [E:\my_dev\devmcu\NETMCUCompiler\NETMCUCompiler.csproj]
E:\my_dev\devmcu\NETMCUCompiler\CodeBuilder\Backends\CortexM4Backend.cs(10,24): error CS9035: Необходимо задать обязательный элемент "TypeCompilationContext.Name" в инициализаторе объектов или в конструкторе атрибутов. [E:\my_dev\devmcu\NETMCUCompiler\NETMCUCompiler.csproj]
E:\my_dev\devmcu\NETMCUCompiler\CodeBuilder\AOTGenericExpander.cs(278,20): warning CS8603: Возможно, возврат ссылки, допускающей значение NULL. [E:\my_dev\devmcu\NETMCUCompiler\NETMCUCompiler.csproj]
E:\my_dev\devmcu\NETMCUCompiler\CodeBuilder\Backends\CortexM4Backend.cs(15,24): error CS9035: Необходимо задать обязательный элемент "MethodCompilationContext.Name" в инициализаторе объектов или в конструкторе атрибутов. [E:\my_dev\devmcu\NETMCUCompiler\NETMCUCompiler.csproj]
E:\my_dev\devmcu\NETMCUCompiler\CodeBuilder\AOTGenericExpander.cs(283,27): warning CS8600: Преобразование литерала, допускающего значение NULL или возможного значения NULL в тип, не допускающий значение NULL. [E:\my_dev\devmcu\NETMCUCompiler\NETMCUCompiler.csproj]
E:\my_dev\devmcu\NETMCUCompiler\CodeBuilder\AOTGenericExpander.cs(284,17): warning CS8602: Разыменование вероятной пустой ссылки. [E:\my_dev\devmcu\NETMCUCompiler\NETMCUCompiler.csproj]
E:\my_dev\devmcu\NETMCUCompiler\CodeBuilder\CompilationContext.cs(205,23): warning CS8618: свойство "Name", не допускающий значения NULL, должен содержать значение, отличное от NULL, при выходе из конструктора. Рассмотрите возможность добавления модификатора "required" или объявления значения свойство, допускающего значение NULL. [E:\my_dev\devmcu\NETMCUCompiler\NETMCUCompiler.csproj]
E:\my_dev\devmcu\NETMCUCompiler\CodeBuilder\CompilationContext.cs(31,23): warning CS8618: свойство "BinaryPath", не допускающий значения NULL, должен содержать значение, отличное от NULL, при выходе из конструктора. Рассмотрите возможность добавления модификатора "required" или объявления значения свойство, допускающего значение NULL. [E:\my_dev\devmcu\NETMCUCompiler\NETMCUCompiler.csproj]
E:\my_dev\devmcu\NETMCUCompiler\CodeBuilder\AOTGenericExpander.cs(297,27): warning CS8600: Преобразование литерала, допускающего значение NULL или возможного значения NULL в тип, не допускающий значение NULL. [E:\my_dev\devmcu\NETMCUCompiler\NETMCUCompiler.csproj]
E:\my_dev\devmcu\NETMCUCompiler\CodeBuilder\AOTGenericExpander.cs(298,17): warning CS8602: Разыменование вероятной пустой ссылки. [E:\my_dev\devmcu\NETMCUCompiler\NETMCUCompiler.csproj]
E:\my_dev\devmcu\NETMCUCompiler\CodeBuilder\AOTGenericExpander.cs(309,27): warning CS8600: Преобразование литерала, допускающего значение NULL или возможного значения NULL в тип, не допускающий значение NULL. [E:\my_dev\devmcu\NETMCUCompiler\NETMCUCompiler.csproj]
E:\my_dev\devmcu\NETMCUCompiler\CodeBuilder\AOTGenericExpander.cs(310,17): warning CS8602: Разыменование вероятной пустой ссылки. [E:\my_dev\devmcu\NETMCUCompiler\NETMCUCompiler.csproj]
E:\my_dev\devmcu\NETMCUCompiler\CodeBuilder\AOTGenericExpander.cs(321,27): warning CS8600: Преобразование литерала, допускающего значение NULL или возможного значения NULL в тип, не допускающий значение NULL. [E:\my_dev\devmcu\NETMCUCompiler\NETMCUCompiler.csproj]
E:\my_dev\devmcu\NETMCUCompiler\CodeBuilder\AOTGenericExpander.cs(322,20): warning CS8602: Разыменование вероятной пустой ссылки. [E:\my_dev\devmcu\NETMCUCompiler\NETMCUCompiler.csproj]
E:\my_dev\devmcu\NETMCUCompiler\CodeBuilder\StackVariable.cs(6,23): warning CS8618: свойство "Name", не допускающий значения NULL, должен содержать значение, отличное от NULL, при выходе из конструктора. Рассмотрите возможность добавления модификатора "required" или объявления значения свойство, допускающего значение NULL. [E:\my_dev\devmcu\NETMCUCompiler\NETMCUCompiler.csproj]
E:\my_dev\devmcu\NETMCUCompiler\CodeBuilder\StackVariable.cs(7,39): warning CS8618: свойство "Metadata", не допускающий значения NULL, должен содержать значение, отличное от NULL, при выходе из конструктора. Рассмотрите возможность добавления модификатора "required" или объявления значения свойство, допускающего значение NULL. [E:\my_dev\devmcu\NETMCUCompiler\NETMCUCompiler.csproj]
E:\my_dev\devmcu\NETMCUCompiler\CodeBuilder\CompilationContext.cs(95,51): warning CS8601: Возможно, назначение-ссылка, допускающее значение NULL. [E:\my_dev\devmcu\NETMCUCompiler\NETMCUCompiler.csproj]
E:\my_dev\devmcu\NETMCUCompiler\CodeBuilder\AOTGenericExpander.cs(227,27): warning CS8600: Преобразование литерала, допускающего значение NULL или возможного значения NULL в тип, не допускающий значение NULL. [E:\my_dev\devmcu\NETMCUCompiler\NETMCUCompiler.csproj]
E:\my_dev\devmcu\NETMCUCompiler\CodeBuilder\AOTGenericExpander.cs(230,27): warning CS8602: Разыменование вероятной пустой ссылки. [E:\my_dev\devmcu\NETMCUCompiler\NETMCUCompiler.csproj]
E:\my_dev\devmcu\NETMCUCompiler\CodeBuilder\AOTGenericExpander.cs(232,20): warning CS8603: Возможно, возврат ссылки, допускающей значение NULL. [E:\my_dev\devmcu\NETMCUCompiler\NETMCUCompiler.csproj]
E:\my_dev\devmcu\NETMCUCompiler\Flasher.cs(76,17): warning CS8602: Разыменование вероятной пустой ссылки. [E:\my_dev\devmcu\NETMCUCompiler\NETMCUCompiler.csproj]
E:\my_dev\devmcu\NETMCUCompiler\CodeBuilder\CompilationContext.cs(105,25): warning CS8601: Возможно, назначение-ссылка, допускающее значение NULL. [E:\my_dev\devmcu\NETMCUCompiler\NETMCUCompiler.csproj]
E:\my_dev\devmcu\NETMCUCompiler\CodeBuilder\CompilationContext.cs(113,21): warning CS8625: Литерал, равный NULL, не может быть преобразован в ссылочный тип, не допускающий значение NULL. [E:\my_dev\devmcu\NETMCUCompiler\NETMCUCompiler.csproj]
E:\my_dev\devmcu\NETMCUCompiler\CodeBuilder\AOTGenericExpander.cs(237,27): warning CS8600: Преобразование литерала, допускающего значение NULL или возможного значения NULL в тип, не допускающий значение NULL. [E:\my_dev\devmcu\NETMCUCompiler\NETMCUCompiler.csproj]
E:\my_dev\devmcu\NETMCUCompiler\CodeBuilder\AOTGenericExpander.cs(240,27): warning CS8602: Разыменование вероятной пустой ссылки. [E:\my_dev\devmcu\NETMCUCompiler\NETMCUCompiler.csproj]
E:\my_dev\devmcu\NETMCUCompiler\CodeBuilder\AOTGenericExpander.cs(242,20): warning CS8603: Возможно, возврат ссылки, допускающей значение NULL. [E:\my_dev\devmcu\NETMCUCompiler\NETMCUCompiler.csproj]
E:\my_dev\devmcu\NETMCUCompiler\SemanticMethodExtractor.cs(24,39): warning CS8604: Возможно, аргумент-ссылка, допускающий значение NULL, для параметра "symbol" в "bool SemanticMethodExtractor.IsDerivedFrom(INamedTypeSymbol symbol, string fullyQualifiedBaseName)". [E:\my_dev\devmcu\NETMCUCompiler\NETMCUCompiler.csproj]
E:\my_dev\devmcu\NETMCUCompiler\SemanticMethodExtractor.cs(31,20): warning CS8603: Возможно, возврат ссылки, допускающей значение NULL. [E:\my_dev\devmcu\NETMCUCompiler\NETMCUCompiler.csproj]
E:\my_dev\devmcu\NETMCUCompiler\CodeBuilder\AOTGenericExpander.cs(331,20): warning CS8603: Возможно, возврат ссылки, допускающей значение NULL. [E:\my_dev\devmcu\NETMCUCompiler\NETMCUCompiler.csproj]
E:\my_dev\devmcu\NETMCUCompiler\CodeBuilder\AOTGenericExpander.cs(258,20): warning CS8603: Возможно, возврат ссылки, допускающей значение NULL. [E:\my_dev\devmcu\NETMCUCompiler\NETMCUCompiler.csproj]
E:\my_dev\devmcu\NETMCUCompiler\SemanticMethodExtractor.cs(47,20): warning CS8603: Возможно, возврат ссылки, допускающей значение NULL. [E:\my_dev\devmcu\NETMCUCompiler\NETMCUCompiler.csproj]
E:\my_dev\devmcu\NETMCUCompiler\CodeBuilder\MethodCompilationContext.cs(156,32): warning CS8625: Литерал, равный NULL, не может быть преобразован в ссылочный тип, не допускающий значение NULL. [E:\my_dev\devmcu\NETMCUCompiler\NETMCUCompiler.csproj]
E:\my_dev\devmcu\NETMCUCompiler\CodeBuilder\MethodCompilationContext.cs(199,51): warning CS8601: Возможно, назначение-ссылка, допускающее значение NULL. [E:\my_dev\devmcu\NETMCUCompiler\NETMCUCompiler.csproj]
E:\my_dev\devmcu\NETMCUCompiler\CodeBuilder\TypeCompilationContext.cs(86,45): warning CS8603: Возможно, возврат ссылки, допускающей значение NULL. [E:\my_dev\devmcu\NETMCUCompiler\NETMCUCompiler.csproj]
E:\my_dev\devmcu\NETMCUCompiler\BuildingContext.Build.cs(52,31): warning CS8602: Разыменование вероятной пустой ссылки. [E:\my_dev\devmcu\NETMCUCompiler\NETMCUCompiler.csproj]
E:\my_dev\devmcu\NETMCUCompiler\CodeBuilder\TypeCompilationContext.cs(97,51): warning CS8601: Возможно, назначение-ссылка, допускающее значение NULL. [E:\my_dev\devmcu\NETMCUCompiler\NETMCUCompiler.csproj]
E:\my_dev\devmcu\NETMCUCompiler\CodeBuilder\MethodCompilationContext.cs(208,25): warning CS8601: Возможно, назначение-ссылка, допускающее значение NULL. [E:\my_dev\devmcu\NETMCUCompiler\NETMCUCompiler.csproj]
E:\my_dev\devmcu\NETMCUCompiler\CodeBuilder\MethodCompilationContext.cs(216,21): warning CS8625: Литерал, равный NULL, не может быть преобразован в ссылочный тип, не допускающий значение NULL. [E:\my_dev\devmcu\NETMCUCompiler\NETMCUCompiler.csproj]
E:\my_dev\devmcu\NETMCUCompiler\CodeBuilder\TypeCompilationContext.cs(106,25): warning CS8601: Возможно, назначение-ссылка, допускающее значение NULL. [E:\my_dev\devmcu\NETMCUCompiler\NETMCUCompiler.csproj]
E:\my_dev\devmcu\NETMCUCompiler\CodeBuilder\TypeCompilationContext.cs(114,21): warning CS8625: Литерал, равный NULL, не может быть преобразован в ссылочный тип, не допускающий значение NULL. [E:\my_dev\devmcu\NETMCUCompiler\NETMCUCompiler.csproj]
E:\my_dev\devmcu\NETMCUCompiler\BuildingOptions.cs(137,49): warning CS8604: Возможно, аргумент-ссылка, допускающий значение NULL, для параметра "template" в "string BuildingOptions.FillConfiguration(string template, out int invalidCount, out List<string> invalidRecords)". [E:\my_dev\devmcu\NETMCUCompiler\NETMCUCompiler.csproj]
E:\my_dev\devmcu\NETMCUCompiler\BuildingContext.Build.cs(122,34): warning CS8602: Разыменование вероятной пустой ссылки. [E:\my_dev\devmcu\NETMCUCompiler\NETMCUCompiler.csproj]
E:\my_dev\devmcu\NETMCUCompiler\BuildingContext.Build.cs(159,34): warning CS8602: Разыменование вероятной пустой ссылки. [E:\my_dev\devmcu\NETMCUCompiler\NETMCUCompiler.csproj]
E:\my_dev\devmcu\NETMCUCompiler\BuildingContext.Build.cs(173,30): warning CS8602: Разыменование вероятной пустой ссылки. [E:\my_dev\devmcu\NETMCUCompiler\NETMCUCompiler.csproj]
E:\my_dev\devmcu\NETMCUCompiler\CodeBuilder\RecordExpander.cs(57,24): warning CS8603: Возможно, возврат ссылки, допускающей значение NULL. [E:\my_dev\devmcu\NETMCUCompiler\NETMCUCompiler.csproj]
E:\my_dev\devmcu\NETMCUCompiler\CodeBuilder\RecordExpander.cs(73,66): warning CS8604: Возможно, аргумент-ссылка, допускающий значение NULL, для параметра "type" в "PropertyDeclarationSyntax SyntaxFactory.PropertyDeclaration(TypeSyntax type, string identifier)". [E:\my_dev\devmcu\NETMCUCompiler\NETMCUCompiler.csproj]
E:\my_dev\devmcu\NETMCUCompiler\BuildingContext.Build.cs(197,32): warning CS8601: Возможно, назначение-ссылка, допускающее значение NULL. [E:\my_dev\devmcu\NETMCUCompiler\NETMCUCompiler.csproj]
E:\my_dev\devmcu\NETMCUCompiler\BuildingContext.Build.cs(204,33): warning CS8625: Литерал, равный NULL, не может быть преобразован в ссылочный тип, не допускающий значение NULL. [E:\my_dev\devmcu\NETMCUCompiler\NETMCUCompiler.csproj]
E:\my_dev\devmcu\NETMCUCompiler\CodeBuilder\RecordExpander.cs(147,31): warning CS8600: Преобразование литерала, допускающего значение NULL или возможного значения NULL в тип, не допускающий значение NULL. [E:\my_dev\devmcu\NETMCUCompiler\NETMCUCompiler.csproj]
E:\my_dev\devmcu\NETMCUCompiler\CodeBuilder\RecordExpander.cs(150,28): warning CS8602: Разыменование вероятной пустой ссылки. [E:\my_dev\devmcu\NETMCUCompiler\NETMCUCompiler.csproj]
E:\my_dev\devmcu\NETMCUCompiler\CodeBuilder\ASMInstructions.cs(82,43): warning CS8604: Возможно, аргумент-ссылка, допускающий значение NULL, для параметра "initializer" в "void ASMInstructions.EmitArrayCreation(InitializerExpressionSyntax initializer, ExpressionSyntax sizeExpr, ITypeSymbol typeSymbol, int targetReg, MethodCompilationContext context, int tempOffset)". [E:\my_dev\devmcu\NETMCUCompiler\NETMCUCompiler.csproj]
E:\my_dev\devmcu\NETMCUCompiler\CodeBuilder\ASMInstructions.cs(82,68): warning CS8604: Возможно, аргумент-ссылка, допускающий значение NULL, для параметра "sizeExpr" в "void ASMInstructions.EmitArrayCreation(InitializerExpressionSyntax initializer, ExpressionSyntax sizeExpr, ITypeSymbol typeSymbol, int targetReg, MethodCompilationContext context, int tempOffset)". [E:\my_dev\devmcu\NETMCUCompiler\NETMCUCompiler.csproj]
E:\my_dev\devmcu\NETMCUCompiler\CodeBuilder\ASMInstructions.cs(82,84): warning CS8604: Возможно, аргумент-ссылка, допускающий значение NULL, для параметра "typeSymbol" в "void ASMInstructions.EmitArrayCreation(InitializerExpressionSyntax initializer, ExpressionSyntax sizeExpr, ITypeSymbol typeSymbol, int targetReg, MethodCompilationContext context, int tempOffset)". [E:\my_dev\devmcu\NETMCUCompiler\NETMCUCompiler.csproj]
E:\my_dev\devmcu\NETMCUCompiler\CodeBuilder\ASMInstructions.cs(87,72): warning CS8625: Литерал, равный NULL, не может быть преобразован в ссылочный тип, не допускающий значение NULL. [E:\my_dev\devmcu\NETMCUCompiler\NETMCUCompiler.csproj]
E:\my_dev\devmcu\NETMCUCompiler\CodeBuilder\ASMInstructions.cs(87,78): warning CS8604: Возможно, аргумент-ссылка, допускающий значение NULL, для параметра "typeSymbol" в "void ASMInstructions.EmitArrayCreation(InitializerExpressionSyntax initializer, ExpressionSyntax sizeExpr, ITypeSymbol typeSymbol, int targetReg, MethodCompilationContext context, int tempOffset)". [E:\my_dev\devmcu\NETMCUCompiler\NETMCUCompiler.csproj]
E:\my_dev\devmcu\NETMCUCompiler\CodeBuilder\Stm32AsmEmitter.cs(190,40): warning CS8602: Разыменование вероятной пустой ссылки. [E:\my_dev\devmcu\NETMCUCompiler\NETMCUCompiler.csproj]
E:\my_dev\devmcu\NETMCUCompiler\BuildingContext.Build.cs(243,37): warning CS8602: Разыменование вероятной пустой ссылки. [E:\my_dev\devmcu\NETMCUCompiler\NETMCUCompiler.csproj]
E:\my_dev\devmcu\NETMCUCompiler\CodeBuilder\Stm32AsmEmitter.cs(364,35): warning CS8600: Преобразование литерала, допускающего значение NULL или возможного значения NULL в тип, не допускающий значение NULL. [E:\my_dev\devmcu\NETMCUCompiler\NETMCUCompiler.csproj]
E:\my_dev\devmcu\NETMCUCompiler\BuildingContext.Build.cs(286,31): warning CS8602: Разыменование вероятной пустой ссылки. [E:\my_dev\devmcu\NETMCUCompiler\NETMCUCompiler.csproj]
E:\my_dev\devmcu\NETMCUCompiler\BuildingContext.Build.cs(295,37): warning CS8602: Разыменование вероятной пустой ссылки. [E:\my_dev\devmcu\NETMCUCompiler\NETMCUCompiler.csproj]
E:\my_dev\devmcu\NETMCUCompiler\BuildingContext.Build.cs(312,43): warning CS8600: Преобразование литерала, допускающего значение NULL или возможного значения NULL в тип, не допускающий значение NULL. [E:\my_dev\devmcu\NETMCUCompiler\NETMCUCompiler.csproj]
E:\my_dev\devmcu\NETMCUCompiler\BuildingContext.Build.cs(401,22): warning CS8602: Разыменование вероятной пустой ссылки. [E:\my_dev\devmcu\NETMCUCompiler\NETMCUCompiler.csproj]
E:\my_dev\devmcu\NETMCUCompiler\BuildingContext.Build.cs(439,38): warning CS8602: Разыменование вероятной пустой ссылки. [E:\my_dev\devmcu\NETMCUCompiler\NETMCUCompiler.csproj]
E:\my_dev\devmcu\NETMCUCompiler\BuildingContext.Build.cs(446,66): warning CS8629: Тип значения, допускающего NULL, может быть NULL. [E:\my_dev\devmcu\NETMCUCompiler\NETMCUCompiler.csproj]
E:\my_dev\devmcu\NETMCUCompiler\BuildingContext.Build.cs(453,62): warning CS8629: Тип значения, допускающего NULL, может быть NULL. [E:\my_dev\devmcu\NETMCUCompiler\NETMCUCompiler.csproj]
E:\my_dev\devmcu\NETMCUCompiler\BuildingContext.Build.cs(464,66): warning CS8629: Тип значения, допускающего NULL, может быть NULL. [E:\my_dev\devmcu\NETMCUCompiler\NETMCUCompiler.csproj]
E:\my_dev\devmcu\NETMCUCompiler\CodeBuilder\Stm32AsmEmitter.cs(709,49): warning CS8600: Преобразование литерала, допускающего значение NULL или возможного значения NULL в тип, не допускающий значение NULL. [E:\my_dev\devmcu\NETMCUCompiler\NETMCUCompiler.csproj]
E:\my_dev\devmcu\NETMCUCompiler\BuildingContext.Core.cs(133,33): warning CS8602: Разыменование вероятной пустой ссылки. [E:\my_dev\devmcu\NETMCUCompiler\NETMCUCompiler.csproj]
E:\my_dev\devmcu\NETMCUCompiler\BuildingContext.Core.cs(161,25): warning CS8602: Разыменование вероятной пустой ссылки. [E:\my_dev\devmcu\NETMCUCompiler\NETMCUCompiler.csproj]
E:\my_dev\devmcu\NETMCUCompiler\BuildingContext.Core.cs(167,25): warning CS8602: Разыменование вероятной пустой ссылки. [E:\my_dev\devmcu\NETMCUCompiler\NETMCUCompiler.csproj]
E:\my_dev\devmcu\NETMCUCompiler\BuildingContext.Core.cs(175,25): warning CS8602: Разыменование вероятной пустой ссылки. [E:\my_dev\devmcu\NETMCUCompiler\NETMCUCompiler.csproj]
E:\my_dev\devmcu\NETMCUCompiler\BuildingContext.Core.cs(185,78): warning CS8604: Возможно, аргумент-ссылка, допускающий значение NULL, для параметра "path3" в "string Path.Combine(string path1, string path2, string path3)". [E:\my_dev\devmcu\NETMCUCompiler\NETMCUCompiler.csproj]
E:\my_dev\devmcu\NETMCUCompiler\BuildingContext.Core.cs(250,38): warning CS8602: Разыменование вероятной пустой ссылки. [E:\my_dev\devmcu\NETMCUCompiler\NETMCUCompiler.csproj]
E:\my_dev\devmcu\NETMCUCompiler\BuildingContext.Core.cs(260,33): warning CS8602: Разыменование вероятной пустой ссылки. [E:\my_dev\devmcu\NETMCUCompiler\NETMCUCompiler.csproj]
E:\my_dev\devmcu\NETMCUCompiler\BuildingContext.Core.cs(276,33): warning CS8602: Разыменование вероятной пустой ссылки. [E:\my_dev\devmcu\NETMCUCompiler\NETMCUCompiler.csproj]
E:\my_dev\devmcu\NETMCUCompiler\BuildingContext.cs(25,23): warning CS8618: свойство "RootPath", не допускающий значения NULL, должен содержать значение, отличное от NULL, при выходе из конструктора. Рассмотрите возможность добавления модификатора "required" или объявления значения свойство, допускающего значение NULL. [E:\my_dev\devmcu\NETMCUCompiler\NETMCUCompiler.csproj]
E:\my_dev\devmcu\NETMCUCompiler\BuildingContext.cs(26,23): warning CS8618: свойство "BinPath", не допускающий значения NULL, должен содержать значение, отличное от NULL, при выходе из конструктора. Рассмотрите возможность добавления модификатора "required" или объявления значения свойство, допускающего значение NULL. [E:\my_dev\devmcu\NETMCUCompiler\NETMCUCompiler.csproj]
E:\my_dev\devmcu\NETMCUCompiler\BuildingContext.cs(27,23): warning CS8618: свойство "ObjPath", не допускающий значения NULL, должен содержать значение, отличное от NULL, при выходе из конструктора. Рассмотрите возможность добавления модификатора "required" или объявления значения свойство, допускающего значение NULL. [E:\my_dev\devmcu\NETMCUCompiler\NETMCUCompiler.csproj]
E:\my_dev\devmcu\NETMCUCompiler\BuildingContext.cs(29,28): warning CS8618: свойство "Compilation", не допускающий значения NULL, должен содержать значение, отличное от NULL, при выходе из конструктора. Рассмотрите возможность добавления модификатора "required" или объявления значения свойство, допускающего значение NULL. [E:\my_dev\devmcu\NETMCUCompiler\NETMCUCompiler.csproj]
E:\my_dev\devmcu\NETMCUCompiler\BuildingContext.cs(33,41): warning CS8618: свойство "CoreSymbols", не допускающий значения NULL, должен содержать значение, отличное от NULL, при выходе из конструктора. Рассмотрите возможность добавления модификатора "required" или объявления значения свойство, допускающего значение NULL. [E:\my_dev\devmcu\NETMCUCompiler\NETMCUCompiler.csproj]
E:\my_dev\devmcu\NETMCUCompiler\BuildingContext.cs(45,23): warning CS8618: поле "mcuObjCorePath", не допускающий значения NULL, должен содержать значение, отличное от NULL, при выходе из конструктора. Рассмотрите возможность добавления модификатора "required" или объявления значения поле, допускающего значение NULL. [E:\my_dev\devmcu\NETMCUCompiler\NETMCUCompiler.csproj]
E:\my_dev\devmcu\NETMCUCompiler\BuildingContext.cs(45,39): warning CS8618: поле "mcuCorePath", не допускающий значения NULL, должен содержать значение, отличное от NULL, при выходе из конструктора. Рассмотрите возможность добавления модификатора "required" или объявления значения поле, допускающего значение NULL. [E:\my_dev\devmcu\NETMCUCompiler\NETMCUCompiler.csproj]
E:\my_dev\devmcu\NETMCUCompiler\BuildingContext.cs(45,52): warning CS8618: поле "tempDockerfilePath", не допускающий значения NULL, должен содержать значение, отличное от NULL, при выходе из конструктора. Рассмотрите возможность добавления модификатора "required" или объявления значения поле, допускающего значение NULL. [E:\my_dev\devmcu\NETMCUCompiler\NETMCUCompiler.csproj]
E:\my_dev\devmcu\NETMCUCompiler\BuildingContext.cs(45,72): warning CS8618: поле "dockerContent", не допускающий значения NULL, должен содержать значение, отличное от NULL, при выходе из конструктора. Рассмотрите возможность добавления модификатора "required" или объявления значения поле, допускающего значение NULL. [E:\my_dev\devmcu\NETMCUCompiler\NETMCUCompiler.csproj]
E:\my_dev\devmcu\NETMCUCompiler\BuildingContext.cs(45,87): warning CS8618: поле "commonCorePath", не допускающий значения NULL, должен содержать значение, отличное от NULL, при выходе из конструктора. Рассмотрите возможность добавления модификатора "required" или объявления значения поле, допускающего значение NULL. [E:\my_dev\devmcu\NETMCUCompiler\NETMCUCompiler.csproj]
E:\my_dev\devmcu\NETMCUCompiler\BuildingContext.cs(45,103): warning CS8618: поле "commonOldPath", не допускающий значения NULL, должен содержать значение, отличное от NULL, при выходе из конструктора. Рассмотрите возможность добавления модификатора "required" или объявления значения поле, допускающего значение NULL. [E:\my_dev\devmcu\NETMCUCompiler\NETMCUCompiler.csproj]
E:\my_dev\devmcu\NETMCUCompiler\BuildingContext.cs(45,118): warning CS8618: поле "buildDir", не допускающий значения NULL, должен содержать значение, отличное от NULL, при выходе из конструктора. Рассмотрите возможность добавления модификатора "required" или объявления значения поле, допускающего значение NULL. [E:\my_dev\devmcu\NETMCUCompiler\NETMCUCompiler.csproj]
E:\my_dev\devmcu\NETMCUCompiler\BuildingContext.cs(45,128): warning CS8618: поле "mcuBinPath", не допускающий значения NULL, должен содержать значение, отличное от NULL, при выходе из конструктора. Рассмотрите возможность добавления модификатора "required" или объявления значения поле, допускающего значение NULL. [E:\my_dev\devmcu\NETMCUCompiler\NETMCUCompiler.csproj]
E:\my_dev\devmcu\NETMCUCompiler\BuildingContext.cs(52,58): warning CS8602: Разыменование вероятной пустой ссылки. [E:\my_dev\devmcu\NETMCUCompiler\NETMCUCompiler.csproj]
E:\my_dev\devmcu\NETMCUCompiler\BuildingContext.Meta.cs(94,57): warning CS8604: Возможно, аргумент-ссылка, допускающий значение NULL, для параметра "classDecl" в "IEnumerable<configureRecord> SemanticMethodExtractor.ExtractInvocations(ClassDeclarationSyntax classDecl, SemanticModel model)". [E:\my_dev\devmcu\NETMCUCompiler\NETMCUCompiler.csproj]
E:\my_dev\devmcu\NETMCUCompiler\BuildingContext.Meta.cs(94,84): warning CS8604: Возможно, аргумент-ссылка, допускающий значение NULL, для параметра "model" в "IEnumerable<configureRecord> SemanticMethodExtractor.ExtractInvocations(ClassDeclarationSyntax classDecl, SemanticModel model)". [E:\my_dev\devmcu\NETMCUCompiler\NETMCUCompiler.csproj]
E:\my_dev\devmcu\NETMCUCompiler\BuildingContext.Meta.cs(133,78): warning CS8604: Возможно, аргумент-ссылка, допускающий значение NULL, для параметра "path1" в "string Path.Combine(string path1, string path2)". [E:\my_dev\devmcu\NETMCUCompiler\NETMCUCompiler.csproj]
E:\my_dev\devmcu\NETMCUCompiler\BuildingContext.Meta.cs(167,47): warning CS8602: Разыменование вероятной пустой ссылки. [E:\my_dev\devmcu\NETMCUCompiler\NETMCUCompiler.csproj]
E:\my_dev\devmcu\NETMCUCompiler\BuildingContext.Meta.cs(191,72): warning CS8602: Разыменование вероятной пустой ссылки. [E:\my_dev\devmcu\NETMCUCompiler\NETMCUCompiler.csproj]
E:\my_dev\devmcu\NETMCUCompiler\CodeBuilder\ASMInstructions.cs(981,35): warning CS8604: Возможно, аргумент-ссылка, допускающий значение NULL, для параметра "initializer" в "void ASMInstructions.EmitArrayCreation(InitializerExpressionSyntax initializer, ExpressionSyntax sizeExpr, ITypeSymbol typeSymbol, int targetReg, MethodCompilationContext context, int tempOffset)". [E:\my_dev\devmcu\NETMCUCompiler\NETMCUCompiler.csproj]
E:\my_dev\devmcu\NETMCUCompiler\CodeBuilder\ASMInstructions.cs(981,62): warning CS8604: Возможно, аргумент-ссылка, допускающий значение NULL, для параметра "sizeExpr" в "void ASMInstructions.EmitArrayCreation(InitializerExpressionSyntax initializer, ExpressionSyntax sizeExpr, ITypeSymbol typeSymbol, int targetReg, MethodCompilationContext context, int tempOffset)". [E:\my_dev\devmcu\NETMCUCompiler\NETMCUCompiler.csproj]
E:\my_dev\devmcu\NETMCUCompiler\CodeBuilder\ASMInstructions.cs(981,72): warning CS8604: Возможно, аргумент-ссылка, допускающий значение NULL, для параметра "typeSymbol" в "void ASMInstructions.EmitArrayCreation(InitializerExpressionSyntax initializer, ExpressionSyntax sizeExpr, ITypeSymbol typeSymbol, int targetReg, MethodCompilationContext context, int tempOffset)". [E:\my_dev\devmcu\NETMCUCompiler\NETMCUCompiler.csproj]
E:\my_dev\devmcu\NETMCUCompiler\CodeBuilder\ASMInstructions.cs(986,62): warning CS8625: Литерал, равный NULL, не может быть преобразован в ссылочный тип, не допускающий значение NULL. [E:\my_dev\devmcu\NETMCUCompiler\NETMCUCompiler.csproj]
E:\my_dev\devmcu\NETMCUCompiler\CodeBuilder\ASMInstructions.cs(986,68): warning CS8604: Возможно, аргумент-ссылка, допускающий значение NULL, для параметра "typeSymbol" в "void ASMInstructions.EmitArrayCreation(InitializerExpressionSyntax initializer, ExpressionSyntax sizeExpr, ITypeSymbol typeSymbol, int targetReg, MethodCompilationContext context, int tempOffset)". [E:\my_dev\devmcu\NETMCUCompiler\NETMCUCompiler.csproj]
E:\my_dev\devmcu\NETMCUCompiler\CodeBuilder\ASMInstructions.cs(1001,64): warning CS8604: Возможно, аргумент-ссылка, допускающий значение NULL, для параметра "nodeExpr" в "void ASMInstructions.EmitDelegateCreation(IMethodSymbol targetMethod, ExpressionSyntax nodeExpr, ITypeSymbol delegateType, int targetReg, MethodCompilationContext context, int tempOffset)". [E:\my_dev\devmcu\NETMCUCompiler\NETMCUCompiler.csproj]
E:\my_dev\devmcu\NETMCUCompiler\CodeBuilder\ASMInstructions.cs(1022,41): warning CS8602: Разыменование вероятной пустой ссылки. [E:\my_dev\devmcu\NETMCUCompiler\NETMCUCompiler.csproj]
E:\my_dev\devmcu\NETMCUCompiler\CodeBuilder\ASMInstructions.cs(1176,81): warning CS8602: Разыменование вероятной пустой ссылки. [E:\my_dev\devmcu\NETMCUCompiler\NETMCUCompiler.csproj]
E:\my_dev\devmcu\NETMCUCompiler\CodeBuilder\ASMInstructions.cs(1196,44): warning CS8602: Разыменование вероятной пустой ссылки. [E:\my_dev\devmcu\NETMCUCompiler\NETMCUCompiler.csproj]
E:\my_dev\devmcu\NETMCUCompiler\CodeBuilder\ASMInstructions.cs(1264,49): warning CS8600: Преобразование литерала, допускающего значение NULL или возможного значения NULL в тип, не допускающий значение NULL. [E:\my_dev\devmcu\NETMCUCompiler\NETMCUCompiler.csproj]
E:\my_dev\devmcu\NETMCUCompiler\BuildingContext.Meta.cs(358,25): warning CS8602: Разыменование вероятной пустой ссылки. [E:\my_dev\devmcu\NETMCUCompiler\NETMCUCompiler.csproj]
E:\my_dev\devmcu\NETMCUCompiler\BuildingContext.Meta.cs(388,36): warning CS8601: Возможно, назначение-ссылка, допускающее значение NULL. [E:\my_dev\devmcu\NETMCUCompiler\NETMCUCompiler.csproj]
E:\my_dev\devmcu\NETMCUCompiler\BuildingContext.Meta.cs(389,36): warning CS8601: Возможно, назначение-ссылка, допускающее значение NULL. [E:\my_dev\devmcu\NETMCUCompiler\NETMCUCompiler.csproj]
E:\my_dev\devmcu\NETMCUCompiler\BuildingContext.Meta.cs(413,36): warning CS8601: Возможно, назначение-ссылка, допускающее значение NULL. [E:\my_dev\devmcu\NETMCUCompiler\NETMCUCompiler.csproj]
E:\my_dev\devmcu\NETMCUCompiler\BuildingContext.Meta.cs(414,35): warning CS8601: Возможно, назначение-ссылка, допускающее значение NULL. [E:\my_dev\devmcu\NETMCUCompiler\NETMCUCompiler.csproj]
E:\my_dev\devmcu\NETMCUCompiler\BuildingContext.Meta.cs(428,43): warning CS8604: Возможно, аргумент-ссылка, допускающий значение NULL, для параметра "key" в "string Dictionary<string, string>.this[string key]". [E:\my_dev\devmcu\NETMCUCompiler\NETMCUCompiler.csproj]
E:\my_dev\devmcu\NETMCUCompiler\BuildingContext.Meta.cs(428,51): warning CS8601: Возможно, назначение-ссылка, допускающее значение NULL. [E:\my_dev\devmcu\NETMCUCompiler\NETMCUCompiler.csproj]
E:\my_dev\devmcu\NETMCUCompiler\BuildingContext.Meta.cs(437,50): warning CS8604: Возможно, аргумент-ссылка, допускающий значение NULL, для параметра "item" в "bool List<string>.Contains(string item)". [E:\my_dev\devmcu\NETMCUCompiler\NETMCUCompiler.csproj]
E:\my_dev\devmcu\NETMCUCompiler\BuildingContext.Meta.cs(449,75): warning CS8601: Возможно, назначение-ссылка, допускающее значение NULL. [E:\my_dev\devmcu\NETMCUCompiler\NETMCUCompiler.csproj]
E:\my_dev\devmcu\NETMCUCompiler\BuildingContext.Meta.cs(449,97): warning CS8601: Возможно, назначение-ссылка, допускающее значение NULL. [E:\my_dev\devmcu\NETMCUCompiler\NETMCUCompiler.csproj]
E:\my_dev\devmcu\NETMCUCompiler\BuildingContext.Meta.cs(458,51): warning CS8604: Возможно, аргумент-ссылка, допускающий значение NULL, для параметра "item" в "bool List<string>.Contains(string item)". [E:\my_dev\devmcu\NETMCUCompiler\NETMCUCompiler.csproj]
E:\my_dev\devmcu\NETMCUCompiler\BuildingContext.Meta.cs(468,52): warning CS8604: Возможно, аргумент-ссылка, допускающий значение NULL, для параметра "item" в "bool List<string>.Contains(string item)". [E:\my_dev\devmcu\NETMCUCompiler\NETMCUCompiler.csproj]
E:\my_dev\devmcu\NETMCUCompiler\BuildingContext.Meta.cs(480,53): warning CS8604: Возможно, аргумент-ссылка, допускающий значение NULL, для параметра "key" в "bool Dictionary<string, string>.ContainsKey(string key)". [E:\my_dev\devmcu\NETMCUCompiler\NETMCUCompiler.csproj]
E:\my_dev\devmcu\NETMCUCompiler\BuildingContext.Meta.cs(481,50): warning CS8604: Возможно, аргумент-ссылка, допускающий значение NULL, для параметра "value" в "void Dictionary<string, string>.Add(string key, string value)". [E:\my_dev\devmcu\NETMCUCompiler\NETMCUCompiler.csproj]
E:\my_dev\devmcu\NETMCUCompiler\BuildingContext.Meta.cs(219,24): warning CS8600: Преобразование литерала, допускающего значение NULL или возможного значения NULL в тип, не допускающий значение NULL. [E:\my_dev\devmcu\NETMCUCompiler\NETMCUCompiler.csproj]
E:\my_dev\devmcu\NETMCUCompiler\BuildingContext.Meta.cs(223,28): warning CS8600: Преобразование литерала, допускающего значение NULL или возможного значения NULL в тип, не допускающий значение NULL. [E:\my_dev\devmcu\NETMCUCompiler\NETMCUCompiler.csproj]
E:\my_dev\devmcu\NETMCUCompiler\BuildingContext.Meta.cs(225,43): warning CS8604: Возможно, аргумент-ссылка, допускающий значение NULL, для параметра "key" в "bool Dictionary<string, object>.TryGetValue(string key, out object value)". [E:\my_dev\devmcu\NETMCUCompiler\NETMCUCompiler.csproj]
E:\my_dev\devmcu\NETMCUCompiler\BuildingContext.Meta.cs(234,63): warning CS8604: Возможно, аргумент-ссылка, допускающий значение NULL, для параметра "node" в "Optional<object?> SemanticModel.GetConstantValue(SyntaxNode node, CancellationToken cancellationToken = default(CancellationToken))". [E:\my_dev\devmcu\NETMCUCompiler\NETMCUCompiler.csproj]
E:\my_dev\devmcu\NETMCUCompiler\BuildingContext.Meta.cs(238,128): warning CS8602: Разыменование вероятной пустой ссылки. [E:\my_dev\devmcu\NETMCUCompiler\NETMCUCompiler.csproj]
E:\my_dev\devmcu\NETMCUCompiler\BuildingContext.Meta.cs(265,61): warning CS8602: Разыменование вероятной пустой ссылки. [E:\my_dev\devmcu\NETMCUCompiler\NETMCUCompiler.csproj]
E:\my_dev\devmcu\NETMCUCompiler\BuildingContext.Meta.cs(265,34): warning CS8600: Преобразование литерала, допускающего значение NULL или возможного значения NULL в тип, не допускающий значение NULL. [E:\my_dev\devmcu\NETMCUCompiler\NETMCUCompiler.csproj]
E:\my_dev\devmcu\NETMCUCompiler\BuildingContext.Meta.cs(259,26): warning CS8619: Допустимость значения NULL в значении типа "List<TValue?>" не соответствует целевому типу "List<TValue>". [E:\my_dev\devmcu\NETMCUCompiler\NETMCUCompiler.csproj]
E:\my_dev\devmcu\NETMCUCompiler\BuildingContext.Meta.cs(270,28): warning CS8600: Преобразование литерала, допускающего значение NULL или возможного значения NULL в тип, не допускающий значение NULL. [E:\my_dev\devmcu\NETMCUCompiler\NETMCUCompiler.csproj]
E:\my_dev\devmcu\NETMCUCompiler\BuildingContext.Meta.cs(272,43): warning CS8604: Возможно, аргумент-ссылка, допускающий значение NULL, для параметра "key" в "bool Dictionary<string, object>.TryGetValue(string key, out object value)". [E:\my_dev\devmcu\NETMCUCompiler\NETMCUCompiler.csproj]
E:\my_dev\devmcu\NETMCUCompiler\BuildingContext.Meta.cs(289,37): warning CS8602: Разыменование вероятной пустой ссылки. [E:\my_dev\devmcu\NETMCUCompiler\NETMCUCompiler.csproj]
E:\my_dev\devmcu\NETMCUCompiler\BuildingContext.Meta.cs(289,48): warning CS8600: Преобразование литерала, допускающего значение NULL или возможного значения NULL в тип, не допускающий значение NULL. [E:\my_dev\devmcu\NETMCUCompiler\NETMCUCompiler.csproj]
E:\my_dev\devmcu\NETMCUCompiler\BuildingContext.Meta.cs(289,48): warning CS8604: Возможно, аргумент-ссылка, допускающий значение NULL, для параметра "item" в "void List<TValue>.Add(TValue item)". [E:\my_dev\devmcu\NETMCUCompiler\NETMCUCompiler.csproj]
E:\my_dev\devmcu\NETMCUCompiler\BuildingContext.Meta.cs(294,32): warning CS8602: Разыменование вероятной пустой ссылки. [E:\my_dev\devmcu\NETMCUCompiler\NETMCUCompiler.csproj]
E:\my_dev\devmcu\NETMCUCompiler\BuildingContext.Meta.cs(297,128): warning CS8602: Разыменование вероятной пустой ссылки. [E:\my_dev\devmcu\NETMCUCompiler\NETMCUCompiler.csproj]
E:\my_dev\devmcu\NETMCUCompiler\BuildingContext.Meta.cs(316,39): warning CS8604: Возможно, аргумент-ссылка, допускающий значение NULL, для параметра "key" в "bool Dictionary<string, object>.TryGetValue(string key, out object value)". [E:\my_dev\devmcu\NETMCUCompiler\NETMCUCompiler.csproj]
E:\my_dev\devmcu\NETMCUCompiler\BuildingContext.Meta.cs(348,124): warning CS8602: Разыменование вероятной пустой ссылки. [E:\my_dev\devmcu\NETMCUCompiler\NETMCUCompiler.csproj]
E:\my_dev\devmcu\NETMCUCompiler\CodeBuilder\ASMInstructions.cs(1591,75): warning CS8602: Разыменование вероятной пустой ссылки. [E:\my_dev\devmcu\NETMCUCompiler\NETMCUCompiler.csproj]
E:\my_dev\devmcu\NETMCUCompiler\CodeBuilder\ASMInstructions.cs(1594,83): warning CS8602: Разыменование вероятной пустой ссылки. [E:\my_dev\devmcu\NETMCUCompiler\NETMCUCompiler.csproj]
E:\my_dev\devmcu\NETMCUCompiler\CodeBuilder\LibraryCompiler.cs(156,50): warning CS8600: Преобразование литерала, допускающего значение NULL или возможного значения NULL в тип, не допускающий значение NULL. [E:\my_dev\devmcu\NETMCUCompiler\NETMCUCompiler.csproj]
E:\my_dev\devmcu\NETMCUCompiler\CodeBuilder\LibraryCompiler.cs(160,50): warning CS8604: Возможно, аргумент-ссылка, допускающий значение NULL, для параметра "key" в "bool Dictionary<string, TypeCompilationContext>.TryGetValue(string key, out TypeCompilationContext value)". [E:\my_dev\devmcu\NETMCUCompiler\NETMCUCompiler.csproj]
E:\my_dev\devmcu\NETMCUCompiler\CodeBuilder\LibraryCompiler.cs(160,57): warning CS8600: Преобразование литерала, допускающего значение NULL или возможного значения NULL в тип, не допускающий значение NULL. [E:\my_dev\devmcu\NETMCUCompiler\NETMCUCompiler.csproj]
E:\my_dev\devmcu\NETMCUCompiler\CodeBuilder\LibraryCompiler.cs(165,50): warning CS8604: Возможно, аргумент-ссылка, допускающий значение NULL, для параметра "key" в "bool Dictionary<string, TypeCompilationContext>.TryGetValue(string key, out TypeCompilationContext value)". [E:\my_dev\devmcu\NETMCUCompiler\NETMCUCompiler.csproj]
E:\my_dev\devmcu\NETMCUCompiler\CodeBuilder\LibraryCompiler.cs(165,57): warning CS8600: Преобразование литерала, допускающего значение NULL или возможного значения NULL в тип, не допускающий значение NULL. [E:\my_dev\devmcu\NETMCUCompiler\NETMCUCompiler.csproj]
E:\my_dev\devmcu\NETMCUCompiler\CodeBuilder\LibraryCompiler.cs(173,68): warning CS8604: Возможно, аргумент-ссылка, допускающий значение NULL, для параметра "symbol" в "MethodCompilationContext MCUBackend.CreateMethodContext(SyntaxNode methodSyntax, IMethodSymbol symbol, BaseCompilationContext parentContext)". [E:\my_dev\devmcu\NETMCUCompiler\NETMCUCompiler.csproj]
E:\my_dev\devmcu\NETMCUCompiler\CodeBuilder\LibraryCompiler.cs(173,73): warning CS8604: Возможно, аргумент-ссылка, допускающий значение NULL, для параметра "parentContext" в "MethodCompilationContext MCUBackend.CreateMethodContext(SyntaxNode methodSyntax, IMethodSymbol symbol, BaseCompilationContext parentContext)". [E:\my_dev\devmcu\NETMCUCompiler\NETMCUCompiler.csproj]
E:\my_dev\devmcu\NETMCUCompiler\CodeBuilder\LibraryCompiler.cs(206,38): warning CS8600: Преобразование литерала, допускающего значение NULL или возможного значения NULL в тип, не допускающий значение NULL. [E:\my_dev\devmcu\NETMCUCompiler\NETMCUCompiler.csproj]
E:\my_dev\devmcu\NETMCUCompiler\CodeBuilder\LibraryCompiler.cs(212,38): warning CS8600: Преобразование литерала, допускающего значение NULL или возможного значения NULL в тип, не допускающий значение NULL. [E:\my_dev\devmcu\NETMCUCompiler\NETMCUCompiler.csproj]
E:\my_dev\devmcu\NETMCUCompiler\CodeBuilder\LibraryCompiler.cs(214,33): warning CS8602: Разыменование вероятной пустой ссылки. [E:\my_dev\devmcu\NETMCUCompiler\NETMCUCompiler.csproj]
E:\my_dev\devmcu\NETMCUCompiler\CodeBuilder\LibraryCompiler.cs(231,34): warning CS8602: Разыменование вероятной пустой ссылки. [E:\my_dev\devmcu\NETMCUCompiler\NETMCUCompiler.csproj]
E:\my_dev\devmcu\NETMCUCompiler\CodeBuilder\LibraryCompiler.cs(252,38): warning CS8600: Преобразование литерала, допускающего значение NULL или возможного значения NULL в тип, не допускающий значение NULL. [E:\my_dev\devmcu\NETMCUCompiler\NETMCUCompiler.csproj]
E:\my_dev\devmcu\NETMCUCompiler\CodeBuilder\LibraryCompiler.cs(258,38): warning CS8600: Преобразование литерала, допускающего значение NULL или возможного значения NULL в тип, не допускающий значение NULL. [E:\my_dev\devmcu\NETMCUCompiler\NETMCUCompiler.csproj]
E:\my_dev\devmcu\NETMCUCompiler\CodeBuilder\LibraryCompiler.cs(260,33): warning CS8602: Разыменование вероятной пустой ссылки. [E:\my_dev\devmcu\NETMCUCompiler\NETMCUCompiler.csproj]
E:\my_dev\devmcu\NETMCUCompiler\CodeBuilder\LibraryCompiler.cs(269,77): warning CS8625: Литерал, равный NULL, не может быть преобразован в ссылочный тип, не допускающий значение NULL. [E:\my_dev\devmcu\NETMCUCompiler\NETMCUCompiler.csproj]
E:\my_dev\devmcu\NETMCUCompiler\CodeBuilder\LibraryCompiler.cs(274,34): warning CS8602: Разыменование вероятной пустой ссылки. [E:\my_dev\devmcu\NETMCUCompiler\NETMCUCompiler.csproj]
E:\my_dev\devmcu\NETMCUCompiler\CodeBuilder\LibraryCompiler.cs(295,44): warning CS8602: Разыменование вероятной пустой ссылки. [E:\my_dev\devmcu\NETMCUCompiler\NETMCUCompiler.csproj]
E:\my_dev\devmcu\NETMCUCompiler\CodeBuilder\LibraryCompiler.cs(300,123): warning CS8602: Разыменование вероятной пустой ссылки. [E:\my_dev\devmcu\NETMCUCompiler\NETMCUCompiler.csproj]
E:\my_dev\devmcu\NETMCUCompiler\CodeBuilder\LibraryCompiler.cs(303,21): warning CS8602: Разыменование вероятной пустой ссылки. [E:\my_dev\devmcu\NETMCUCompiler\NETMCUCompiler.csproj]
E:\my_dev\devmcu\NETMCUCompiler\CodeBuilder\LibraryCompiler.cs(192,29): warning CS0219: Переменной "prefix" присвоено значение, но оно ни разу не использовано. [E:\my_dev\devmcu\NETMCUCompiler\NETMCUCompiler.csproj]
E:\my_dev\devmcu\NETMCUCompiler\CodeBuilder\LibraryCompiler.cs(355,31): warning CS8602: Разыменование вероятной пустой ссылки. [E:\my_dev\devmcu\NETMCUCompiler\NETMCUCompiler.csproj]
E:\my_dev\devmcu\NETMCUCompiler\CodeBuilder\LibraryCompiler.cs(357,29): warning CS8629: Тип значения, допускающего NULL, может быть NULL. [E:\my_dev\devmcu\NETMCUCompiler\NETMCUCompiler.csproj]

Ошибка сборки.

E:\my_dev\devmcu\NETMCUCompiler\CodeBuilder\Stm32AsmEmitter.cs(13,21): warning CS0114: "Stm32MethodBuilder.VisitVariableDeclaration(VariableDeclarationSyntax)" скрывает наследуемый член "CSharpSyntaxVisitor.VisitVariableDeclaration(VariableDeclarationSyntax)". Чтобы текущий член переопределял эту реализацию, добавьте ключевое слово override. В противном случае добавьте ключевое слово new. [E:\my_dev\devmcu\NETMCUCompiler\NETMCUCompiler.csproj]
E:\my_dev\devmcu\NETMCUCompiler\BuildingContext.cs(23,52): warning CS9124: Параметр ' string path ' фиксируется в состоянии объемлющего типа, и его значение также используется для инициализации поля, свойства или события. [E:\my_dev\devmcu\NETMCUCompiler\NETMCUCompiler.csproj]
E:\my_dev\devmcu\NETMCUCompiler\BuildingContext.Build.cs(25,21): warning CS8602: Разыменование вероятной пустой ссылки. [E:\my_dev\devmcu\NETMCUCompiler\NETMCUCompiler.csproj]
E:\my_dev\devmcu\NETMCUCompiler\BuildingContext.Meta.cs(13,32): warning CS8618: свойство "StartupProject", не допускающий значения NULL, должен содержать значение, отличное от NULL, при выходе из конструктора. Рассмотрите возможность добавления модификатора "required" или объявления значения свойство, допускающего значение NULL. [E:\my_dev\devmcu\NETMCUCompiler\NETMCUCompiler.csproj]
E:\my_dev\devmcu\NETMCUCompiler\BuildingOptions.cs(9,23): warning CS8618: свойство "Name", не допускающий значения NULL, должен содержать значение, отличное от NULL, при выходе из конструктора. Рассмотрите возможность добавления модификатора "required" или объявления значения свойство, допускающего значение NULL. [E:\my_dev\devmcu\NETMCUCompiler\NETMCUCompiler.csproj]
E:\my_dev\devmcu\NETMCUCompiler\BuildingOptions.cs(31,23): warning CS8618: свойство "Path", не допускающий значения NULL, должен содержать значение, отличное от NULL, при выходе из конструктора. Рассмотрите возможность добавления модификатора "required" или объявления значения свойство, допускающего значение NULL. [E:\my_dev\devmcu\NETMCUCompiler\NETMCUCompiler.csproj]
E:\my_dev\devmcu\NETMCUCompiler\BuildingOptions.cs(33,23): warning CS8618: свойство "Url", не допускающий значения NULL, должен содержать значение, отличное от NULL, при выходе из конструктора. Рассмотрите возможность добавления модификатора "required" или объявления значения свойство, допускающего значение NULL. [E:\my_dev\devmcu\NETMCUCompiler\NETMCUCompiler.csproj]
E:\my_dev\devmcu\NETMCUCompiler\BuildingOptions.cs(24,23): warning CS8618: свойство "Path", не допускающий значения NULL, должен содержать значение, отличное от NULL, при выходе из конструктора. Рассмотрите возможность добавления модификатора "required" или объявления значения свойство, допускающего значение NULL. [E:\my_dev\devmcu\NETMCUCompiler\NETMCUCompiler.csproj]
E:\my_dev\devmcu\NETMCUCompiler\BuildingOptions.cs(26,23): warning CS8618: свойство "ContainerPath", не допускающий значения NULL, должен содержать значение, отличное от NULL, при выходе из конструктора. Рассмотрите возможность добавления модификатора "required" или объявления значения свойство, допускающего значение NULL. [E:\my_dev\devmcu\NETMCUCompiler\NETMCUCompiler.csproj]
E:\my_dev\devmcu\NETMCUCompiler\CommonFileModel.cs(5,23): warning CS8618: свойство "Name", не допускающий значения NULL, должен содержать значение, отличное от NULL, при выходе из конструктора. Рассмотрите возможность добавления модификатора "required" или объявления значения свойство, допускающего значение NULL. [E:\my_dev\devmcu\NETMCUCompiler\NETMCUCompiler.csproj]
E:\my_dev\devmcu\NETMCUCompiler\CommonFileModel.cs(6,23): warning CS8618: свойство "ImageName", не допускающий значения NULL, должен содержать значение, отличное от NULL, при выходе из конструктора. Рассмотрите возможность добавления модификатора "required" или объявления значения свойство, допускающего значение NULL. [E:\my_dev\devmcu\NETMCUCompiler\NETMCUCompiler.csproj]
E:\my_dev\devmcu\NETMCUCompiler\CommonFileModel.cs(7,23): warning CS8618: свойство "State", не допускающий значения NULL, должен содержать значение, отличное от NULL, при выходе из конструктора. Рассмотрите возможность добавления модификатора "required" или объявления значения свойство, допускающего значение NULL. [E:\my_dev\devmcu\NETMCUCompiler\NETMCUCompiler.csproj]
E:\my_dev\devmcu\NETMCUCompiler\CodeBuilder\AOTGenericExpander.cs(278,20): warning CS8603: Возможно, возврат ссылки, допускающей значение NULL. [E:\my_dev\devmcu\NETMCUCompiler\NETMCUCompiler.csproj]
E:\my_dev\devmcu\NETMCUCompiler\CodeBuilder\AOTGenericExpander.cs(283,27): warning CS8600: Преобразование литерала, допускающего значение NULL или возможного значения NULL в тип, не допускающий значение NULL. [E:\my_dev\devmcu\NETMCUCompiler\NETMCUCompiler.csproj]
E:\my_dev\devmcu\NETMCUCompiler\CodeBuilder\AOTGenericExpander.cs(284,17): warning CS8602: Разыменование вероятной пустой ссылки. [E:\my_dev\devmcu\NETMCUCompiler\NETMCUCompiler.csproj]
E:\my_dev\devmcu\NETMCUCompiler\CodeBuilder\CompilationContext.cs(205,23): warning CS8618: свойство "Name", не допускающий значения NULL, должен содержать значение, отличное от NULL, при выходе из конструктора. Рассмотрите возможность добавления модификатора "required" или объявления значения свойство, допускающего значение NULL. [E:\my_dev\devmcu\NETMCUCompiler\NETMCUCompiler.csproj]
E:\my_dev\devmcu\NETMCUCompiler\CodeBuilder\CompilationContext.cs(31,23): warning CS8618: свойство "BinaryPath", не допускающий значения NULL, должен содержать значение, отличное от NULL, при выходе из конструктора. Рассмотрите возможность добавления модификатора "required" или объявления значения свойство, допускающего значение NULL. [E:\my_dev\devmcu\NETMCUCompiler\NETMCUCompiler.csproj]
E:\my_dev\devmcu\NETMCUCompiler\CodeBuilder\AOTGenericExpander.cs(297,27): warning CS8600: Преобразование литерала, допускающего значение NULL или возможного значения NULL в тип, не допускающий значение NULL. [E:\my_dev\devmcu\NETMCUCompiler\NETMCUCompiler.csproj]
E:\my_dev\devmcu\NETMCUCompiler\CodeBuilder\AOTGenericExpander.cs(298,17): warning CS8602: Разыменование вероятной пустой ссылки. [E:\my_dev\devmcu\NETMCUCompiler\NETMCUCompiler.csproj]
E:\my_dev\devmcu\NETMCUCompiler\CodeBuilder\AOTGenericExpander.cs(309,27): warning CS8600: Преобразование литерала, допускающего значение NULL или возможного значения NULL в тип, не допускающий значение NULL. [E:\my_dev\devmcu\NETMCUCompiler\NETMCUCompiler.csproj]
E:\my_dev\devmcu\NETMCUCompiler\CodeBuilder\AOTGenericExpander.cs(310,17): warning CS8602: Разыменование вероятной пустой ссылки. [E:\my_dev\devmcu\NETMCUCompiler\NETMCUCompiler.csproj]
E:\my_dev\devmcu\NETMCUCompiler\CodeBuilder\AOTGenericExpander.cs(321,27): warning CS8600: Преобразование литерала, допускающего значение NULL или возможного значения NULL в тип, не допускающий значение NULL. [E:\my_dev\devmcu\NETMCUCompiler\NETMCUCompiler.csproj]
E:\my_dev\devmcu\NETMCUCompiler\CodeBuilder\AOTGenericExpander.cs(322,20): warning CS8602: Разыменование вероятной пустой ссылки. [E:\my_dev\devmcu\NETMCUCompiler\NETMCUCompiler.csproj]
E:\my_dev\devmcu\NETMCUCompiler\CodeBuilder\StackVariable.cs(6,23): warning CS8618: свойство "Name", не допускающий значения NULL, должен содержать значение, отличное от NULL, при выходе из конструктора. Рассмотрите возможность добавления модификатора "required" или объявления значения свойство, допускающего значение NULL. [E:\my_dev\devmcu\NETMCUCompiler\NETMCUCompiler.csproj]
E:\my_dev\devmcu\NETMCUCompiler\CodeBuilder\StackVariable.cs(7,39): warning CS8618: свойство "Metadata", не допускающий значения NULL, должен содержать значение, отличное от NULL, при выходе из конструктора. Рассмотрите возможность добавления модификатора "required" или объявления значения свойство, допускающего значение NULL. [E:\my_dev\devmcu\NETMCUCompiler\NETMCUCompiler.csproj]
E:\my_dev\devmcu\NETMCUCompiler\CodeBuilder\CompilationContext.cs(95,51): warning CS8601: Возможно, назначение-ссылка, допускающее значение NULL. [E:\my_dev\devmcu\NETMCUCompiler\NETMCUCompiler.csproj]
E:\my_dev\devmcu\NETMCUCompiler\CodeBuilder\AOTGenericExpander.cs(227,27): warning CS8600: Преобразование литерала, допускающего значение NULL или возможного значения NULL в тип, не допускающий значение NULL. [E:\my_dev\devmcu\NETMCUCompiler\NETMCUCompiler.csproj]
E:\my_dev\devmcu\NETMCUCompiler\CodeBuilder\AOTGenericExpander.cs(230,27): warning CS8602: Разыменование вероятной пустой ссылки. [E:\my_dev\devmcu\NETMCUCompiler\NETMCUCompiler.csproj]
E:\my_dev\devmcu\NETMCUCompiler\CodeBuilder\AOTGenericExpander.cs(232,20): warning CS8603: Возможно, возврат ссылки, допускающей значение NULL. [E:\my_dev\devmcu\NETMCUCompiler\NETMCUCompiler.csproj]
E:\my_dev\devmcu\NETMCUCompiler\Flasher.cs(76,17): warning CS8602: Разыменование вероятной пустой ссылки. [E:\my_dev\devmcu\NETMCUCompiler\NETMCUCompiler.csproj]
E:\my_dev\devmcu\NETMCUCompiler\CodeBuilder\CompilationContext.cs(105,25): warning CS8601: Возможно, назначение-ссылка, допускающее значение NULL. [E:\my_dev\devmcu\NETMCUCompiler\NETMCUCompiler.csproj]
E:\my_dev\devmcu\NETMCUCompiler\CodeBuilder\CompilationContext.cs(113,21): warning CS8625: Литерал, равный NULL, не может быть преобразован в ссылочный тип, не допускающий значение NULL. [E:\my_dev\devmcu\NETMCUCompiler\NETMCUCompiler.csproj]
E:\my_dev\devmcu\NETMCUCompiler\CodeBuilder\AOTGenericExpander.cs(237,27): warning CS8600: Преобразование литерала, допускающего значение NULL или возможного значения NULL в тип, не допускающий значение NULL. [E:\my_dev\devmcu\NETMCUCompiler\NETMCUCompiler.csproj]
E:\my_dev\devmcu\NETMCUCompiler\CodeBuilder\AOTGenericExpander.cs(240,27): warning CS8602: Разыменование вероятной пустой ссылки. [E:\my_dev\devmcu\NETMCUCompiler\NETMCUCompiler.csproj]
E:\my_dev\devmcu\NETMCUCompiler\CodeBuilder\AOTGenericExpander.cs(242,20): warning CS8603: Возможно, возврат ссылки, допускающей значение NULL. [E:\my_dev\devmcu\NETMCUCompiler\NETMCUCompiler.csproj]
E:\my_dev\devmcu\NETMCUCompiler\SemanticMethodExtractor.cs(24,39): warning CS8604: Возможно, аргумент-ссылка, допускающий значение NULL, для параметра "symbol" в "bool SemanticMethodExtractor.IsDerivedFrom(INamedTypeSymbol symbol, string fullyQualifiedBaseName)". [E:\my_dev\devmcu\NETMCUCompiler\NETMCUCompiler.csproj]
E:\my_dev\devmcu\NETMCUCompiler\SemanticMethodExtractor.cs(31,20): warning CS8603: Возможно, возврат ссылки, допускающей значение NULL. [E:\my_dev\devmcu\NETMCUCompiler\NETMCUCompiler.csproj]
E:\my_dev\devmcu\NETMCUCompiler\CodeBuilder\AOTGenericExpander.cs(331,20): warning CS8603: Возможно, возврат ссылки, допускающей значение NULL. [E:\my_dev\devmcu\NETMCUCompiler\NETMCUCompiler.csproj]
E:\my_dev\devmcu\NETMCUCompiler\CodeBuilder\AOTGenericExpander.cs(258,20): warning CS8603: Возможно, возврат ссылки, допускающей значение NULL. [E:\my_dev\devmcu\NETMCUCompiler\NETMCUCompiler.csproj]
E:\my_dev\devmcu\NETMCUCompiler\SemanticMethodExtractor.cs(47,20): warning CS8603: Возможно, возврат ссылки, допускающей значение NULL. [E:\my_dev\devmcu\NETMCUCompiler\NETMCUCompiler.csproj]
E:\my_dev\devmcu\NETMCUCompiler\CodeBuilder\MethodCompilationContext.cs(156,32): warning CS8625: Литерал, равный NULL, не может быть преобразован в ссылочный тип, не допускающий значение NULL. [E:\my_dev\devmcu\NETMCUCompiler\NETMCUCompiler.csproj]
E:\my_dev\devmcu\NETMCUCompiler\CodeBuilder\MethodCompilationContext.cs(199,51): warning CS8601: Возможно, назначение-ссылка, допускающее значение NULL. [E:\my_dev\devmcu\NETMCUCompiler\NETMCUCompiler.csproj]
E:\my_dev\devmcu\NETMCUCompiler\CodeBuilder\TypeCompilationContext.cs(86,45): warning CS8603: Возможно, возврат ссылки, допускающей значение NULL. [E:\my_dev\devmcu\NETMCUCompiler\NETMCUCompiler.csproj]
E:\my_dev\devmcu\NETMCUCompiler\BuildingContext.Build.cs(52,31): warning CS8602: Разыменование вероятной пустой ссылки. [E:\my_dev\devmcu\NETMCUCompiler\NETMCUCompiler.csproj]
E:\my_dev\devmcu\NETMCUCompiler\CodeBuilder\TypeCompilationContext.cs(97,51): warning CS8601: Возможно, назначение-ссылка, допускающее значение NULL. [E:\my_dev\devmcu\NETMCUCompiler\NETMCUCompiler.csproj]
E:\my_dev\devmcu\NETMCUCompiler\CodeBuilder\MethodCompilationContext.cs(208,25): warning CS8601: Возможно, назначение-ссылка, допускающее значение NULL. [E:\my_dev\devmcu\NETMCUCompiler\NETMCUCompiler.csproj]
E:\my_dev\devmcu\NETMCUCompiler\CodeBuilder\MethodCompilationContext.cs(216,21): warning CS8625: Литерал, равный NULL, не может быть преобразован в ссылочный тип, не допускающий значение NULL. [E:\my_dev\devmcu\NETMCUCompiler\NETMCUCompiler.csproj]
E:\my_dev\devmcu\NETMCUCompiler\CodeBuilder\TypeCompilationContext.cs(106,25): warning CS8601: Возможно, назначение-ссылка, допускающее значение NULL. [E:\my_dev\devmcu\NETMCUCompiler\NETMCUCompiler.csproj]
E:\my_dev\devmcu\NETMCUCompiler\CodeBuilder\TypeCompilationContext.cs(114,21): warning CS8625: Литерал, равный NULL, не может быть преобразован в ссылочный тип, не допускающий значение NULL. [E:\my_dev\devmcu\NETMCUCompiler\NETMCUCompiler.csproj]
E:\my_dev\devmcu\NETMCUCompiler\BuildingOptions.cs(137,49): warning CS8604: Возможно, аргумент-ссылка, допускающий значение NULL, для параметра "template" в "string BuildingOptions.FillConfiguration(string template, out int invalidCount, out List<string> invalidRecords)". [E:\my_dev\devmcu\NETMCUCompiler\NETMCUCompiler.csproj]
E:\my_dev\devmcu\NETMCUCompiler\BuildingContext.Build.cs(122,34): warning CS8602: Разыменование вероятной пустой ссылки. [E:\my_dev\devmcu\NETMCUCompiler\NETMCUCompiler.csproj]
E:\my_dev\devmcu\NETMCUCompiler\BuildingContext.Build.cs(159,34): warning CS8602: Разыменование вероятной пустой ссылки. [E:\my_dev\devmcu\NETMCUCompiler\NETMCUCompiler.csproj]
E:\my_dev\devmcu\NETMCUCompiler\BuildingContext.Build.cs(173,30): warning CS8602: Разыменование вероятной пустой ссылки. [E:\my_dev\devmcu\NETMCUCompiler\NETMCUCompiler.csproj]
E:\my_dev\devmcu\NETMCUCompiler\CodeBuilder\RecordExpander.cs(57,24): warning CS8603: Возможно, возврат ссылки, допускающей значение NULL. [E:\my_dev\devmcu\NETMCUCompiler\NETMCUCompiler.csproj]
E:\my_dev\devmcu\NETMCUCompiler\CodeBuilder\RecordExpander.cs(73,66): warning CS8604: Возможно, аргумент-ссылка, допускающий значение NULL, для параметра "type" в "PropertyDeclarationSyntax SyntaxFactory.PropertyDeclaration(TypeSyntax type, string identifier)". [E:\my_dev\devmcu\NETMCUCompiler\NETMCUCompiler.csproj]
E:\my_dev\devmcu\NETMCUCompiler\BuildingContext.Build.cs(197,32): warning CS8601: Возможно, назначение-ссылка, допускающее значение NULL. [E:\my_dev\devmcu\NETMCUCompiler\NETMCUCompiler.csproj]
E:\my_dev\devmcu\NETMCUCompiler\BuildingContext.Build.cs(204,33): warning CS8625: Литерал, равный NULL, не может быть преобразован в ссылочный тип, не допускающий значение NULL. [E:\my_dev\devmcu\NETMCUCompiler\NETMCUCompiler.csproj]
E:\my_dev\devmcu\NETMCUCompiler\CodeBuilder\RecordExpander.cs(147,31): warning CS8600: Преобразование литерала, допускающего значение NULL или возможного значения NULL в тип, не допускающий значение NULL. [E:\my_dev\devmcu\NETMCUCompiler\NETMCUCompiler.csproj]
E:\my_dev\devmcu\NETMCUCompiler\CodeBuilder\RecordExpander.cs(150,28): warning CS8602: Разыменование вероятной пустой ссылки. [E:\my_dev\devmcu\NETMCUCompiler\NETMCUCompiler.csproj]
E:\my_dev\devmcu\NETMCUCompiler\CodeBuilder\ASMInstructions.cs(82,43): warning CS8604: Возможно, аргумент-ссылка, допускающий значение NULL, для параметра "initializer" в "void ASMInstructions.EmitArrayCreation(InitializerExpressionSyntax initializer, ExpressionSyntax sizeExpr, ITypeSymbol typeSymbol, int targetReg, MethodCompilationContext context, int tempOffset)". [E:\my_dev\devmcu\NETMCUCompiler\NETMCUCompiler.csproj]
E:\my_dev\devmcu\NETMCUCompiler\CodeBuilder\ASMInstructions.cs(82,68): warning CS8604: Возможно, аргумент-ссылка, допускающий значение NULL, для параметра "sizeExpr" в "void ASMInstructions.EmitArrayCreation(InitializerExpressionSyntax initializer, ExpressionSyntax sizeExpr, ITypeSymbol typeSymbol, int targetReg, MethodCompilationContext context, int tempOffset)". [E:\my_dev\devmcu\NETMCUCompiler\NETMCUCompiler.csproj]
E:\my_dev\devmcu\NETMCUCompiler\CodeBuilder\ASMInstructions.cs(82,84): warning CS8604: Возможно, аргумент-ссылка, допускающий значение NULL, для параметра "typeSymbol" в "void ASMInstructions.EmitArrayCreation(InitializerExpressionSyntax initializer, ExpressionSyntax sizeExpr, ITypeSymbol typeSymbol, int targetReg, MethodCompilationContext context, int tempOffset)". [E:\my_dev\devmcu\NETMCUCompiler\NETMCUCompiler.csproj]
E:\my_dev\devmcu\NETMCUCompiler\CodeBuilder\ASMInstructions.cs(87,72): warning CS8625: Литерал, равный NULL, не может быть преобразован в ссылочный тип, не допускающий значение NULL. [E:\my_dev\devmcu\NETMCUCompiler\NETMCUCompiler.csproj]
E:\my_dev\devmcu\NETMCUCompiler\CodeBuilder\ASMInstructions.cs(87,78): warning CS8604: Возможно, аргумент-ссылка, допускающий значение NULL, для параметра "typeSymbol" в "void ASMInstructions.EmitArrayCreation(InitializerExpressionSyntax initializer, ExpressionSyntax sizeExpr, ITypeSymbol typeSymbol, int targetReg, MethodCompilationContext context, int tempOffset)". [E:\my_dev\devmcu\NETMCUCompiler\NETMCUCompiler.csproj]
E:\my_dev\devmcu\NETMCUCompiler\CodeBuilder\Stm32AsmEmitter.cs(190,40): warning CS8602: Разыменование вероятной пустой ссылки. [E:\my_dev\devmcu\NETMCUCompiler\NETMCUCompiler.csproj]
E:\my_dev\devmcu\NETMCUCompiler\BuildingContext.Build.cs(243,37): warning CS8602: Разыменование вероятной пустой ссылки. [E:\my_dev\devmcu\NETMCUCompiler\NETMCUCompiler.csproj]
E:\my_dev\devmcu\NETMCUCompiler\CodeBuilder\Stm32AsmEmitter.cs(364,35): warning CS8600: Преобразование литерала, допускающего значение NULL или возможного значения NULL в тип, не допускающий значение NULL. [E:\my_dev\devmcu\NETMCUCompiler\NETMCUCompiler.csproj]
E:\my_dev\devmcu\NETMCUCompiler\BuildingContext.Build.cs(286,31): warning CS8602: Разыменование вероятной пустой ссылки. [E:\my_dev\devmcu\NETMCUCompiler\NETMCUCompiler.csproj]
E:\my_dev\devmcu\NETMCUCompiler\BuildingContext.Build.cs(295,37): warning CS8602: Разыменование вероятной пустой ссылки. [E:\my_dev\devmcu\NETMCUCompiler\NETMCUCompiler.csproj]
E:\my_dev\devmcu\NETMCUCompiler\BuildingContext.Build.cs(312,43): warning CS8600: Преобразование литерала, допускающего значение NULL или возможного значения NULL в тип, не допускающий значение NULL. [E:\my_dev\devmcu\NETMCUCompiler\NETMCUCompiler.csproj]
E:\my_dev\devmcu\NETMCUCompiler\BuildingContext.Build.cs(401,22): warning CS8602: Разыменование вероятной пустой ссылки. [E:\my_dev\devmcu\NETMCUCompiler\NETMCUCompiler.csproj]
E:\my_dev\devmcu\NETMCUCompiler\BuildingContext.Build.cs(439,38): warning CS8602: Разыменование вероятной пустой ссылки. [E:\my_dev\devmcu\NETMCUCompiler\NETMCUCompiler.csproj]
E:\my_dev\devmcu\NETMCUCompiler\BuildingContext.Build.cs(446,66): warning CS8629: Тип значения, допускающего NULL, может быть NULL. [E:\my_dev\devmcu\NETMCUCompiler\NETMCUCompiler.csproj]
E:\my_dev\devmcu\NETMCUCompiler\BuildingContext.Build.cs(453,62): warning CS8629: Тип значения, допускающего NULL, может быть NULL. [E:\my_dev\devmcu\NETMCUCompiler\NETMCUCompiler.csproj]
E:\my_dev\devmcu\NETMCUCompiler\BuildingContext.Build.cs(464,66): warning CS8629: Тип значения, допускающего NULL, может быть NULL. [E:\my_dev\devmcu\NETMCUCompiler\NETMCUCompiler.csproj]
E:\my_dev\devmcu\NETMCUCompiler\CodeBuilder\Stm32AsmEmitter.cs(709,49): warning CS8600: Преобразование литерала, допускающего значение NULL или возможного значения NULL в тип, не допускающий значение NULL. [E:\my_dev\devmcu\NETMCUCompiler\NETMCUCompiler.csproj]
E:\my_dev\devmcu\NETMCUCompiler\BuildingContext.Core.cs(133,33): warning CS8602: Разыменование вероятной пустой ссылки. [E:\my_dev\devmcu\NETMCUCompiler\NETMCUCompiler.csproj]
E:\my_dev\devmcu\NETMCUCompiler\BuildingContext.Core.cs(161,25): warning CS8602: Разыменование вероятной пустой ссылки. [E:\my_dev\devmcu\NETMCUCompiler\NETMCUCompiler.csproj]
E:\my_dev\devmcu\NETMCUCompiler\BuildingContext.Core.cs(167,25): warning CS8602: Разыменование вероятной пустой ссылки. [E:\my_dev\devmcu\NETMCUCompiler\NETMCUCompiler.csproj]
E:\my_dev\devmcu\NETMCUCompiler\BuildingContext.Core.cs(175,25): warning CS8602: Разыменование вероятной пустой ссылки. [E:\my_dev\devmcu\NETMCUCompiler\NETMCUCompiler.csproj]
E:\my_dev\devmcu\NETMCUCompiler\BuildingContext.Core.cs(185,78): warning CS8604: Возможно, аргумент-ссылка, допускающий значение NULL, для параметра "path3" в "string Path.Combine(string path1, string path2, string path3)". [E:\my_dev\devmcu\NETMCUCompiler\NETMCUCompiler.csproj]
E:\my_dev\devmcu\NETMCUCompiler\BuildingContext.Core.cs(250,38): warning CS8602: Разыменование вероятной пустой ссылки. [E:\my_dev\devmcu\NETMCUCompiler\NETMCUCompiler.csproj]
E:\my_dev\devmcu\NETMCUCompiler\BuildingContext.Core.cs(260,33): warning CS8602: Разыменование вероятной пустой ссылки. [E:\my_dev\devmcu\NETMCUCompiler\NETMCUCompiler.csproj]
E:\my_dev\devmcu\NETMCUCompiler\BuildingContext.Core.cs(276,33): warning CS8602: Разыменование вероятной пустой ссылки. [E:\my_dev\devmcu\NETMCUCompiler\NETMCUCompiler.csproj]
E:\my_dev\devmcu\NETMCUCompiler\BuildingContext.cs(25,23): warning CS8618: свойство "RootPath", не допускающий значения NULL, должен содержать значение, отличное от NULL, при выходе из конструктора. Рассмотрите возможность добавления модификатора "required" или объявления значения свойство, допускающего значение NULL. [E:\my_dev\devmcu\NETMCUCompiler\NETMCUCompiler.csproj]
E:\my_dev\devmcu\NETMCUCompiler\BuildingContext.cs(26,23): warning CS8618: свойство "BinPath", не допускающий значения NULL, должен содержать значение, отличное от NULL, при выходе из конструктора. Рассмотрите возможность добавления модификатора "required" или объявления значения свойство, допускающего значение NULL. [E:\my_dev\devmcu\NETMCUCompiler\NETMCUCompiler.csproj]
E:\my_dev\devmcu\NETMCUCompiler\BuildingContext.cs(27,23): warning CS8618: свойство "ObjPath", не допускающий значения NULL, должен содержать значение, отличное от NULL, при выходе из конструктора. Рассмотрите возможность добавления модификатора "required" или объявления значения свойство, допускающего значение NULL. [E:\my_dev\devmcu\NETMCUCompiler\NETMCUCompiler.csproj]
E:\my_dev\devmcu\NETMCUCompiler\BuildingContext.cs(29,28): warning CS8618: свойство "Compilation", не допускающий значения NULL, должен содержать значение, отличное от NULL, при выходе из конструктора. Рассмотрите возможность добавления модификатора "required" или объявления значения свойство, допускающего значение NULL. [E:\my_dev\devmcu\NETMCUCompiler\NETMCUCompiler.csproj]
E:\my_dev\devmcu\NETMCUCompiler\BuildingContext.cs(33,41): warning CS8618: свойство "CoreSymbols", не допускающий значения NULL, должен содержать значение, отличное от NULL, при выходе из конструктора. Рассмотрите возможность добавления модификатора "required" или объявления значения свойство, допускающего значение NULL. [E:\my_dev\devmcu\NETMCUCompiler\NETMCUCompiler.csproj]
E:\my_dev\devmcu\NETMCUCompiler\BuildingContext.cs(45,23): warning CS8618: поле "mcuObjCorePath", не допускающий значения NULL, должен содержать значение, отличное от NULL, при выходе из конструктора. Рассмотрите возможность добавления модификатора "required" или объявления значения поле, допускающего значение NULL. [E:\my_dev\devmcu\NETMCUCompiler\NETMCUCompiler.csproj]
E:\my_dev\devmcu\NETMCUCompiler\BuildingContext.cs(45,39): warning CS8618: поле "mcuCorePath", не допускающий значения NULL, должен содержать значение, отличное от NULL, при выходе из конструктора. Рассмотрите возможность добавления модификатора "required" или объявления значения поле, допускающего значение NULL. [E:\my_dev\devmcu\NETMCUCompiler\NETMCUCompiler.csproj]
E:\my_dev\devmcu\NETMCUCompiler\BuildingContext.cs(45,52): warning CS8618: поле "tempDockerfilePath", не допускающий значения NULL, должен содержать значение, отличное от NULL, при выходе из конструктора. Рассмотрите возможность добавления модификатора "required" или объявления значения поле, допускающего значение NULL. [E:\my_dev\devmcu\NETMCUCompiler\NETMCUCompiler.csproj]
E:\my_dev\devmcu\NETMCUCompiler\BuildingContext.cs(45,72): warning CS8618: поле "dockerContent", не допускающий значения NULL, должен содержать значение, отличное от NULL, при выходе из конструктора. Рассмотрите возможность добавления модификатора "required" или объявления значения поле, допускающего значение NULL. [E:\my_dev\devmcu\NETMCUCompiler\NETMCUCompiler.csproj]
E:\my_dev\devmcu\NETMCUCompiler\BuildingContext.cs(45,87): warning CS8618: поле "commonCorePath", не допускающий значения NULL, должен содержать значение, отличное от NULL, при выходе из конструктора. Рассмотрите возможность добавления модификатора "required" или объявления значения поле, допускающего значение NULL. [E:\my_dev\devmcu\NETMCUCompiler\NETMCUCompiler.csproj]
E:\my_dev\devmcu\NETMCUCompiler\BuildingContext.cs(45,103): warning CS8618: поле "commonOldPath", не допускающий значения NULL, должен содержать значение, отличное от NULL, при выходе из конструктора. Рассмотрите возможность добавления модификатора "required" или объявления значения поле, допускающего значение NULL. [E:\my_dev\devmcu\NETMCUCompiler\NETMCUCompiler.csproj]
E:\my_dev\devmcu\NETMCUCompiler\BuildingContext.cs(45,118): warning CS8618: поле "buildDir", не допускающий значения NULL, должен содержать значение, отличное от NULL, при выходе из конструктора. Рассмотрите возможность добавления модификатора "required" или объявления значения поле, допускающего значение NULL. [E:\my_dev\devmcu\NETMCUCompiler\NETMCUCompiler.csproj]
E:\my_dev\devmcu\NETMCUCompiler\BuildingContext.cs(45,128): warning CS8618: поле "mcuBinPath", не допускающий значения NULL, должен содержать значение, отличное от NULL, при выходе из конструктора. Рассмотрите возможность добавления модификатора "required" или объявления значения поле, допускающего значение NULL. [E:\my_dev\devmcu\NETMCUCompiler\NETMCUCompiler.csproj]
E:\my_dev\devmcu\NETMCUCompiler\BuildingContext.cs(52,58): warning CS8602: Разыменование вероятной пустой ссылки. [E:\my_dev\devmcu\NETMCUCompiler\NETMCUCompiler.csproj]
E:\my_dev\devmcu\NETMCUCompiler\BuildingContext.Meta.cs(94,57): warning CS8604: Возможно, аргумент-ссылка, допускающий значение NULL, для параметра "classDecl" в "IEnumerable<configureRecord> SemanticMethodExtractor.ExtractInvocations(ClassDeclarationSyntax classDecl, SemanticModel model)". [E:\my_dev\devmcu\NETMCUCompiler\NETMCUCompiler.csproj]
E:\my_dev\devmcu\NETMCUCompiler\BuildingContext.Meta.cs(94,84): warning CS8604: Возможно, аргумент-ссылка, допускающий значение NULL, для параметра "model" в "IEnumerable<configureRecord> SemanticMethodExtractor.ExtractInvocations(ClassDeclarationSyntax classDecl, SemanticModel model)". [E:\my_dev\devmcu\NETMCUCompiler\NETMCUCompiler.csproj]
E:\my_dev\devmcu\NETMCUCompiler\BuildingContext.Meta.cs(133,78): warning CS8604: Возможно, аргумент-ссылка, допускающий значение NULL, для параметра "path1" в "string Path.Combine(string path1, string path2)". [E:\my_dev\devmcu\NETMCUCompiler\NETMCUCompiler.csproj]
E:\my_dev\devmcu\NETMCUCompiler\BuildingContext.Meta.cs(167,47): warning CS8602: Разыменование вероятной пустой ссылки. [E:\my_dev\devmcu\NETMCUCompiler\NETMCUCompiler.csproj]
E:\my_dev\devmcu\NETMCUCompiler\BuildingContext.Meta.cs(191,72): warning CS8602: Разыменование вероятной пустой ссылки. [E:\my_dev\devmcu\NETMCUCompiler\NETMCUCompiler.csproj]
E:\my_dev\devmcu\NETMCUCompiler\CodeBuilder\ASMInstructions.cs(981,35): warning CS8604: Возможно, аргумент-ссылка, допускающий значение NULL, для параметра "initializer" в "void ASMInstructions.EmitArrayCreation(InitializerExpressionSyntax initializer, ExpressionSyntax sizeExpr, ITypeSymbol typeSymbol, int targetReg, MethodCompilationContext context, int tempOffset)". [E:\my_dev\devmcu\NETMCUCompiler\NETMCUCompiler.csproj]
E:\my_dev\devmcu\NETMCUCompiler\CodeBuilder\ASMInstructions.cs(981,62): warning CS8604: Возможно, аргумент-ссылка, допускающий значение NULL, для параметра "sizeExpr" в "void ASMInstructions.EmitArrayCreation(InitializerExpressionSyntax initializer, ExpressionSyntax sizeExpr, ITypeSymbol typeSymbol, int targetReg, MethodCompilationContext context, int tempOffset)". [E:\my_dev\devmcu\NETMCUCompiler\NETMCUCompiler.csproj]
E:\my_dev\devmcu\NETMCUCompiler\CodeBuilder\ASMInstructions.cs(981,72): warning CS8604: Возможно, аргумент-ссылка, допускающий значение NULL, для параметра "typeSymbol" в "void ASMInstructions.EmitArrayCreation(InitializerExpressionSyntax initializer, ExpressionSyntax sizeExpr, ITypeSymbol typeSymbol, int targetReg, MethodCompilationContext context, int tempOffset)". [E:\my_dev\devmcu\NETMCUCompiler\NETMCUCompiler.csproj]
E:\my_dev\devmcu\NETMCUCompiler\CodeBuilder\ASMInstructions.cs(986,62): warning CS8625: Литерал, равный NULL, не может быть преобразован в ссылочный тип, не допускающий значение NULL. [E:\my_dev\devmcu\NETMCUCompiler\NETMCUCompiler.csproj]
E:\my_dev\devmcu\NETMCUCompiler\CodeBuilder\ASMInstructions.cs(986,68): warning CS8604: Возможно, аргумент-ссылка, допускающий значение NULL, для параметра "typeSymbol" в "void ASMInstructions.EmitArrayCreation(InitializerExpressionSyntax initializer, ExpressionSyntax sizeExpr, ITypeSymbol typeSymbol, int targetReg, MethodCompilationContext context, int tempOffset)". [E:\my_dev\devmcu\NETMCUCompiler\NETMCUCompiler.csproj]
E:\my_dev\devmcu\NETMCUCompiler\CodeBuilder\ASMInstructions.cs(1001,64): warning CS8604: Возможно, аргумент-ссылка, допускающий значение NULL, для параметра "nodeExpr" в "void ASMInstructions.EmitDelegateCreation(IMethodSymbol targetMethod, ExpressionSyntax nodeExpr, ITypeSymbol delegateType, int targetReg, MethodCompilationContext context, int tempOffset)". [E:\my_dev\devmcu\NETMCUCompiler\NETMCUCompiler.csproj]
E:\my_dev\devmcu\NETMCUCompiler\CodeBuilder\ASMInstructions.cs(1022,41): warning CS8602: Разыменование вероятной пустой ссылки. [E:\my_dev\devmcu\NETMCUCompiler\NETMCUCompiler.csproj]
E:\my_dev\devmcu\NETMCUCompiler\CodeBuilder\ASMInstructions.cs(1176,81): warning CS8602: Разыменование вероятной пустой ссылки. [E:\my_dev\devmcu\NETMCUCompiler\NETMCUCompiler.csproj]
E:\my_dev\devmcu\NETMCUCompiler\CodeBuilder\ASMInstructions.cs(1196,44): warning CS8602: Разыменование вероятной пустой ссылки. [E:\my_dev\devmcu\NETMCUCompiler\NETMCUCompiler.csproj]
E:\my_dev\devmcu\NETMCUCompiler\CodeBuilder\ASMInstructions.cs(1264,49): warning CS8600: Преобразование литерала, допускающего значение NULL или возможного значения NULL в тип, не допускающий значение NULL. [E:\my_dev\devmcu\NETMCUCompiler\NETMCUCompiler.csproj]
E:\my_dev\devmcu\NETMCUCompiler\BuildingContext.Meta.cs(358,25): warning CS8602: Разыменование вероятной пустой ссылки. [E:\my_dev\devmcu\NETMCUCompiler\NETMCUCompiler.csproj]
E:\my_dev\devmcu\NETMCUCompiler\BuildingContext.Meta.cs(388,36): warning CS8601: Возможно, назначение-ссылка, допускающее значение NULL. [E:\my_dev\devmcu\NETMCUCompiler\NETMCUCompiler.csproj]
E:\my_dev\devmcu\NETMCUCompiler\BuildingContext.Meta.cs(389,36): warning CS8601: Возможно, назначение-ссылка, допускающее значение NULL. [E:\my_dev\devmcu\NETMCUCompiler\NETMCUCompiler.csproj]
E:\my_dev\devmcu\NETMCUCompiler\BuildingContext.Meta.cs(413,36): warning CS8601: Возможно, назначение-ссылка, допускающее значение NULL. [E:\my_dev\devmcu\NETMCUCompiler\NETMCUCompiler.csproj]
E:\my_dev\devmcu\NETMCUCompiler\BuildingContext.Meta.cs(414,35): warning CS8601: Возможно, назначение-ссылка, допускающее значение NULL. [E:\my_dev\devmcu\NETMCUCompiler\NETMCUCompiler.csproj]
E:\my_dev\devmcu\NETMCUCompiler\BuildingContext.Meta.cs(428,43): warning CS8604: Возможно, аргумент-ссылка, допускающий значение NULL, для параметра "key" в "string Dictionary<string, string>.this[string key]". [E:\my_dev\devmcu\NETMCUCompiler\NETMCUCompiler.csproj]
E:\my_dev\devmcu\NETMCUCompiler\BuildingContext.Meta.cs(428,51): warning CS8601: Возможно, назначение-ссылка, допускающее значение NULL. [E:\my_dev\devmcu\NETMCUCompiler\NETMCUCompiler.csproj]
E:\my_dev\devmcu\NETMCUCompiler\BuildingContext.Meta.cs(437,50): warning CS8604: Возможно, аргумент-ссылка, допускающий значение NULL, для параметра "item" в "bool List<string>.Contains(string item)". [E:\my_dev\devmcu\NETMCUCompiler\NETMCUCompiler.csproj]
E:\my_dev\devmcu\NETMCUCompiler\BuildingContext.Meta.cs(449,75): warning CS8601: Возможно, назначение-ссылка, допускающее значение NULL. [E:\my_dev\devmcu\NETMCUCompiler\NETMCUCompiler.csproj]
E:\my_dev\devmcu\NETMCUCompiler\BuildingContext.Meta.cs(449,97): warning CS8601: Возможно, назначение-ссылка, допускающее значение NULL. [E:\my_dev\devmcu\NETMCUCompiler\NETMCUCompiler.csproj]
E:\my_dev\devmcu\NETMCUCompiler\BuildingContext.Meta.cs(458,51): warning CS8604: Возможно, аргумент-ссылка, допускающий значение NULL, для параметра "item" в "bool List<string>.Contains(string item)". [E:\my_dev\devmcu\NETMCUCompiler\NETMCUCompiler.csproj]
E:\my_dev\devmcu\NETMCUCompiler\BuildingContext.Meta.cs(468,52): warning CS8604: Возможно, аргумент-ссылка, допускающий значение NULL, для параметра "item" в "bool List<string>.Contains(string item)". [E:\my_dev\devmcu\NETMCUCompiler\NETMCUCompiler.csproj]
E:\my_dev\devmcu\NETMCUCompiler\BuildingContext.Meta.cs(480,53): warning CS8604: Возможно, аргумент-ссылка, допускающий значение NULL, для параметра "key" в "bool Dictionary<string, string>.ContainsKey(string key)". [E:\my_dev\devmcu\NETMCUCompiler\NETMCUCompiler.csproj]
E:\my_dev\devmcu\NETMCUCompiler\BuildingContext.Meta.cs(481,50): warning CS8604: Возможно, аргумент-ссылка, допускающий значение NULL, для параметра "value" в "void Dictionary<string, string>.Add(string key, string value)". [E:\my_dev\devmcu\NETMCUCompiler\NETMCUCompiler.csproj]
E:\my_dev\devmcu\NETMCUCompiler\BuildingContext.Meta.cs(219,24): warning CS8600: Преобразование литерала, допускающего значение NULL или возможного значения NULL в тип, не допускающий значение NULL. [E:\my_dev\devmcu\NETMCUCompiler\NETMCUCompiler.csproj]
E:\my_dev\devmcu\NETMCUCompiler\BuildingContext.Meta.cs(223,28): warning CS8600: Преобразование литерала, допускающего значение NULL или возможного значения NULL в тип, не допускающий значение NULL. [E:\my_dev\devmcu\NETMCUCompiler\NETMCUCompiler.csproj]
E:\my_dev\devmcu\NETMCUCompiler\BuildingContext.Meta.cs(225,43): warning CS8604: Возможно, аргумент-ссылка, допускающий значение NULL, для параметра "key" в "bool Dictionary<string, object>.TryGetValue(string key, out object value)". [E:\my_dev\devmcu\NETMCUCompiler\NETMCUCompiler.csproj]
E:\my_dev\devmcu\NETMCUCompiler\BuildingContext.Meta.cs(234,63): warning CS8604: Возможно, аргумент-ссылка, допускающий значение NULL, для параметра "node" в "Optional<object?> SemanticModel.GetConstantValue(SyntaxNode node, CancellationToken cancellationToken = default(CancellationToken))". [E:\my_dev\devmcu\NETMCUCompiler\NETMCUCompiler.csproj]
E:\my_dev\devmcu\NETMCUCompiler\BuildingContext.Meta.cs(238,128): warning CS8602: Разыменование вероятной пустой ссылки. [E:\my_dev\devmcu\NETMCUCompiler\NETMCUCompiler.csproj]
E:\my_dev\devmcu\NETMCUCompiler\BuildingContext.Meta.cs(265,61): warning CS8602: Разыменование вероятной пустой ссылки. [E:\my_dev\devmcu\NETMCUCompiler\NETMCUCompiler.csproj]
E:\my_dev\devmcu\NETMCUCompiler\BuildingContext.Meta.cs(265,34): warning CS8600: Преобразование литерала, допускающего значение NULL или возможного значения NULL в тип, не допускающий значение NULL. [E:\my_dev\devmcu\NETMCUCompiler\NETMCUCompiler.csproj]
E:\my_dev\devmcu\NETMCUCompiler\BuildingContext.Meta.cs(259,26): warning CS8619: Допустимость значения NULL в значении типа "List<TValue?>" не соответствует целевому типу "List<TValue>". [E:\my_dev\devmcu\NETMCUCompiler\NETMCUCompiler.csproj]
E:\my_dev\devmcu\NETMCUCompiler\BuildingContext.Meta.cs(270,28): warning CS8600: Преобразование литерала, допускающего значение NULL или возможного значения NULL в тип, не допускающий значение NULL. [E:\my_dev\devmcu\NETMCUCompiler\NETMCUCompiler.csproj]
E:\my_dev\devmcu\NETMCUCompiler\BuildingContext.Meta.cs(272,43): warning CS8604: Возможно, аргумент-ссылка, допускающий значение NULL, для параметра "key" в "bool Dictionary<string, object>.TryGetValue(string key, out object value)". [E:\my_dev\devmcu\NETMCUCompiler\NETMCUCompiler.csproj]
E:\my_dev\devmcu\NETMCUCompiler\BuildingContext.Meta.cs(289,37): warning CS8602: Разыменование вероятной пустой ссылки. [E:\my_dev\devmcu\NETMCUCompiler\NETMCUCompiler.csproj]
E:\my_dev\devmcu\NETMCUCompiler\BuildingContext.Meta.cs(289,48): warning CS8600: Преобразование литерала, допускающего значение NULL или возможного значения NULL в тип, не допускающий значение NULL. [E:\my_dev\devmcu\NETMCUCompiler\NETMCUCompiler.csproj]
E:\my_dev\devmcu\NETMCUCompiler\BuildingContext.Meta.cs(289,48): warning CS8604: Возможно, аргумент-ссылка, допускающий значение NULL, для параметра "item" в "void List<TValue>.Add(TValue item)". [E:\my_dev\devmcu\NETMCUCompiler\NETMCUCompiler.csproj]
E:\my_dev\devmcu\NETMCUCompiler\BuildingContext.Meta.cs(294,32): warning CS8602: Разыменование вероятной пустой ссылки. [E:\my_dev\devmcu\NETMCUCompiler\NETMCUCompiler.csproj]
E:\my_dev\devmcu\NETMCUCompiler\BuildingContext.Meta.cs(297,128): warning CS8602: Разыменование вероятной пустой ссылки. [E:\my_dev\devmcu\NETMCUCompiler\NETMCUCompiler.csproj]
E:\my_dev\devmcu\NETMCUCompiler\BuildingContext.Meta.cs(316,39): warning CS8604: Возможно, аргумент-ссылка, допускающий значение NULL, для параметра "key" в "bool Dictionary<string, object>.TryGetValue(string key, out object value)". [E:\my_dev\devmcu\NETMCUCompiler\NETMCUCompiler.csproj]
E:\my_dev\devmcu\NETMCUCompiler\BuildingContext.Meta.cs(348,124): warning CS8602: Разыменование вероятной пустой ссылки. [E:\my_dev\devmcu\NETMCUCompiler\NETMCUCompiler.csproj]
E:\my_dev\devmcu\NETMCUCompiler\CodeBuilder\ASMInstructions.cs(1591,75): warning CS8602: Разыменование вероятной пустой ссылки. [E:\my_dev\devmcu\NETMCUCompiler\NETMCUCompiler.csproj]
E:\my_dev\devmcu\NETMCUCompiler\CodeBuilder\ASMInstructions.cs(1594,83): warning CS8602: Разыменование вероятной пустой ссылки. [E:\my_dev\devmcu\NETMCUCompiler\NETMCUCompiler.csproj]
E:\my_dev\devmcu\NETMCUCompiler\CodeBuilder\LibraryCompiler.cs(156,50): warning CS8600: Преобразование литерала, допускающего значение NULL или возможного значения NULL в тип, не допускающий значение NULL. [E:\my_dev\devmcu\NETMCUCompiler\NETMCUCompiler.csproj]
E:\my_dev\devmcu\NETMCUCompiler\CodeBuilder\LibraryCompiler.cs(160,50): warning CS8604: Возможно, аргумент-ссылка, допускающий значение NULL, для параметра "key" в "bool Dictionary<string, TypeCompilationContext>.TryGetValue(string key, out TypeCompilationContext value)". [E:\my_dev\devmcu\NETMCUCompiler\NETMCUCompiler.csproj]
E:\my_dev\devmcu\NETMCUCompiler\CodeBuilder\LibraryCompiler.cs(160,57): warning CS8600: Преобразование литерала, допускающего значение NULL или возможного значения NULL в тип, не допускающий значение NULL. [E:\my_dev\devmcu\NETMCUCompiler\NETMCUCompiler.csproj]
E:\my_dev\devmcu\NETMCUCompiler\CodeBuilder\LibraryCompiler.cs(165,50): warning CS8604: Возможно, аргумент-ссылка, допускающий значение NULL, для параметра "key" в "bool Dictionary<string, TypeCompilationContext>.TryGetValue(string key, out TypeCompilationContext value)". [E:\my_dev\devmcu\NETMCUCompiler\NETMCUCompiler.csproj]
E:\my_dev\devmcu\NETMCUCompiler\CodeBuilder\LibraryCompiler.cs(165,57): warning CS8600: Преобразование литерала, допускающего значение NULL или возможного значения NULL в тип, не допускающий значение NULL. [E:\my_dev\devmcu\NETMCUCompiler\NETMCUCompiler.csproj]
E:\my_dev\devmcu\NETMCUCompiler\CodeBuilder\LibraryCompiler.cs(173,68): warning CS8604: Возможно, аргумент-ссылка, допускающий значение NULL, для параметра "symbol" в "MethodCompilationContext MCUBackend.CreateMethodContext(SyntaxNode methodSyntax, IMethodSymbol symbol, BaseCompilationContext parentContext)". [E:\my_dev\devmcu\NETMCUCompiler\NETMCUCompiler.csproj]
E:\my_dev\devmcu\NETMCUCompiler\CodeBuilder\LibraryCompiler.cs(173,73): warning CS8604: Возможно, аргумент-ссылка, допускающий значение NULL, для параметра "parentContext" в "MethodCompilationContext MCUBackend.CreateMethodContext(SyntaxNode methodSyntax, IMethodSymbol symbol, BaseCompilationContext parentContext)". [E:\my_dev\devmcu\NETMCUCompiler\NETMCUCompiler.csproj]
E:\my_dev\devmcu\NETMCUCompiler\CodeBuilder\LibraryCompiler.cs(206,38): warning CS8600: Преобразование литерала, допускающего значение NULL или возможного значения NULL в тип, не допускающий значение NULL. [E:\my_dev\devmcu\NETMCUCompiler\NETMCUCompiler.csproj]
E:\my_dev\devmcu\NETMCUCompiler\CodeBuilder\LibraryCompiler.cs(212,38): warning CS8600: Преобразование литерала, допускающего значение NULL или возможного значения NULL в тип, не допускающий значение NULL. [E:\my_dev\devmcu\NETMCUCompiler\NETMCUCompiler.csproj]
E:\my_dev\devmcu\NETMCUCompiler\CodeBuilder\LibraryCompiler.cs(214,33): warning CS8602: Разыменование вероятной пустой ссылки. [E:\my_dev\devmcu\NETMCUCompiler\NETMCUCompiler.csproj]
E:\my_dev\devmcu\NETMCUCompiler\CodeBuilder\LibraryCompiler.cs(231,34): warning CS8602: Разыменование вероятной пустой ссылки. [E:\my_dev\devmcu\NETMCUCompiler\NETMCUCompiler.csproj]
E:\my_dev\devmcu\NETMCUCompiler\CodeBuilder\LibraryCompiler.cs(252,38): warning CS8600: Преобразование литерала, допускающего значение NULL или возможного значения NULL в тип, не допускающий значение NULL. [E:\my_dev\devmcu\NETMCUCompiler\NETMCUCompiler.csproj]
E:\my_dev\devmcu\NETMCUCompiler\CodeBuilder\LibraryCompiler.cs(258,38): warning CS8600: Преобразование литерала, допускающего значение NULL или возможного значения NULL в тип, не допускающий значение NULL. [E:\my_dev\devmcu\NETMCUCompiler\NETMCUCompiler.csproj]
E:\my_dev\devmcu\NETMCUCompiler\CodeBuilder\LibraryCompiler.cs(260,33): warning CS8602: Разыменование вероятной пустой ссылки. [E:\my_dev\devmcu\NETMCUCompiler\NETMCUCompiler.csproj]
E:\my_dev\devmcu\NETMCUCompiler\CodeBuilder\LibraryCompiler.cs(269,77): warning CS8625: Литерал, равный NULL, не может быть преобразован в ссылочный тип, не допускающий значение NULL. [E:\my_dev\devmcu\NETMCUCompiler\NETMCUCompiler.csproj]
E:\my_dev\devmcu\NETMCUCompiler\CodeBuilder\LibraryCompiler.cs(274,34): warning CS8602: Разыменование вероятной пустой ссылки. [E:\my_dev\devmcu\NETMCUCompiler\NETMCUCompiler.csproj]
E:\my_dev\devmcu\NETMCUCompiler\CodeBuilder\LibraryCompiler.cs(295,44): warning CS8602: Разыменование вероятной пустой ссылки. [E:\my_dev\devmcu\NETMCUCompiler\NETMCUCompiler.csproj]
E:\my_dev\devmcu\NETMCUCompiler\CodeBuilder\LibraryCompiler.cs(300,123): warning CS8602: Разыменование вероятной пустой ссылки. [E:\my_dev\devmcu\NETMCUCompiler\NETMCUCompiler.csproj]
E:\my_dev\devmcu\NETMCUCompiler\CodeBuilder\LibraryCompiler.cs(303,21): warning CS8602: Разыменование вероятной пустой ссылки. [E:\my_dev\devmcu\NETMCUCompiler\NETMCUCompiler.csproj]
E:\my_dev\devmcu\NETMCUCompiler\CodeBuilder\LibraryCompiler.cs(192,29): warning CS0219: Переменной "prefix" присвоено значение, но оно ни разу не использовано. [E:\my_dev\devmcu\NETMCUCompiler\NETMCUCompiler.csproj]
E:\my_dev\devmcu\NETMCUCompiler\CodeBuilder\LibraryCompiler.cs(355,31): warning CS8602: Разыменование вероятной пустой ссылки. [E:\my_dev\devmcu\NETMCUCompiler\NETMCUCompiler.csproj]
E:\my_dev\devmcu\NETMCUCompiler\CodeBuilder\LibraryCompiler.cs(357,29): warning CS8629: Тип значения, допускающего NULL, может быть NULL. [E:\my_dev\devmcu\NETMCUCompiler\NETMCUCompiler.csproj]
E:\my_dev\devmcu\NETMCUCompiler\CodeBuilder\Backends\CortexM4Backend.cs(10,24): error CS9035: Необходимо задать обязательный элемент "TypeCompilationContext.Name" в инициализаторе объектов или в конструкторе атрибутов. [E:\my_dev\devmcu\NETMCUCompiler\NETMCUCompiler.csproj]
E:\my_dev\devmcu\NETMCUCompiler\CodeBuilder\Backends\CortexM4Backend.cs(15,24): error CS9035: Необходимо задать обязательный элемент "MethodCompilationContext.Name" в инициализаторе объектов или в конструкторе атрибутов. [E:\my_dev\devmcu\NETMCUCompiler\NETMCUCompiler.csproj]
    Предупреждений: 168
    Ошибок: 2

Прошло времени 00:00:00.70
